2024-02-15 00:38:30.089 INFO: MACE version: 0.3.4
2024-02-15 00:38:30.089 INFO: Configuration: Namespace(name='MACE', seed=123, log_dir='logs', model_dir='.', checkpoints_dir='checkpoints', results_dir='results', downloads_dir='downloads', device='cuda', default_dtype='float32', log_level='INFO', error_table='PerAtomRMSE', model='MACE', r_max=5.0, radial_type='bessel', num_radial_basis=8, num_cutoff_basis=5, pair_repulsion=False, distance_transform=False, interaction='RealAgnosticResidualInteractionBlock', interaction_first='RealAgnosticResidualInteractionBlock', max_ell=3, correlation=3, num_interactions=2, MLP_irreps='16x0e', radial_MLP='[64, 64, 64]', hidden_irreps='128x0e + 128x1o', num_channels=None, max_L=None, gate='silu', scaling='rms_forces_scaling', avg_num_neighbors=1, compute_avg_num_neighbors=True, compute_stress=False, compute_forces=True, train_file='train-full.xyz', valid_file=None, valid_fraction=0.1, test_file='test-full.xyz', E0s='average', energy_key='QM_energy', forces_key='QM_forces', virials_key='virials', stress_key='None', dipole_key='dipole', charges_key='charges', loss='huber', forces_weight=1.0, swa_forces_weight=100.0, energy_weight=1.0, swa_energy_weight=1000.0, virials_weight=1.0, swa_virials_weight=10.0, stress_weight=0.0, swa_stress_weight=10.0, dipole_weight=1.0, swa_dipole_weight=1.0, config_type_weights='{"Default":1.0}', huber_delta=0.01, optimizer='adam', batch_size=30, valid_batch_size=10, lr=0.001, swa_lr=0.001, weight_decay=5e-07, amsgrad=True, scheduler='ReduceLROnPlateau', lr_factor=0.8, scheduler_patience=50, lr_scheduler_gamma=0.9993, swa=True, start_swa=100, ema=True, ema_decay=0.99, max_num_epochs=200, patience=2048, foundation_model='small', foundation_model_readout=True, eval_interval=2, keep_checkpoints=False, restart_latest=True, save_cpu=False, clip_grad=10.0, wandb=False, wandb_project='', wandb_entity='', wandb_name='', wandb_log_hypers=['num_channels', 'max_L', 'correlation', 'lr', 'swa_lr', 'weight_decay', 'batch_size', 'max_num_epochs', 'start_swa', 'energy_weight', 'forces_weight'])
2024-02-15 00:38:30.122 INFO: CUDA version: 12.1, CUDA device: 0
2024-02-15 00:38:31.600 INFO: Using isolated atom energies from training file
2024-02-15 00:38:31.705 INFO: Loaded 3013 training configurations from 'train-full.xyz'
2024-02-15 00:38:31.706 INFO: Using random 10.0% of training set for validation
2024-02-15 00:38:32.083 INFO: Loaded 800 test configurations from 'test-full.xyz'
2024-02-15 00:38:32.084 INFO: Total number of configurations: train=2712, valid=301, tests=[0.50-0.50-0.30: 12, 0.20-0.75: 20, 0.10-0.50-0.10: 9, 0.50-0.50: 25, 0.40-0.75: 23, 0.10-0.50: 15, 0.50-0.75: 26, 0.50-0.50-0.20: 13, 0.30-0.75: 30, 0.40-0.50-0.50: 9, 0.30-0.50-0.10: 11, 0.30-0.00: 16, 0.50-1.00: 24, 0.10-1.00: 28, 0.40-0.00: 21, 0.30-1.00: 27, 0.10-0.50-0.20: 4, 0.10-0.75: 18, 0.20-0.50: 25, 0.30-0.25: 31, 0.10-0.00: 21, 0.50-0.00: 25, 0.50-0.50-0.10: 8, 0.40-0.50: 17, 0.30-0.50-0.50: 8, 0.10-0.50-0.40: 9, 0.30-0.50-0.20: 8, 0.40-1.00: 26, 0.10-0.25: 22, 0.20-0.50-0.30: 10, 0.50-0.25: 20, 0.40-0.50-0.40: 8, 0.20-0.50-0.50: 8, 0.20-0.50-0.20: 11, 0.20-0.25: 21, 0.20-0.00: 20, 0.40-0.50-0.20: 9, 0.20-1.00: 19, 0.30-0.50-0.30: 9, 0.30-0.50: 21, 0.30-0.50-0.40: 11, 0.50-0.50-0.40: 7, 0.40-0.50-0.10: 14, 0.40-0.25: 27, 0.40-0.50-0.30: 8, 0.10-0.50-0.30: 14, 0.10-0.50-0.50: 11, 0.50-0.50-0.50: 8, 0.20-0.50-0.40: 7, 0.20-0.50-0.10: 6]
2024-02-15 00:38:32.122 INFO: AtomicNumberTable: (1, 6, 8)
2024-02-15 00:38:32.123 INFO: Atomic energies: [-12.53432584235, -148.6811580026, -431.6357255604]
2024-02-15 00:38:36.625 INFO: WeightedHuberEnergyForcesStressLoss(energy_weight=1.000, forces_weight=1.000, stress_weight=0.000)
2024-02-15 00:38:37.453 INFO: Average number of neighbors: 35.65838623046875
2024-02-15 00:38:37.454 INFO: Selected the following outputs: {'energy': True, 'forces': True, 'virials': True, 'stress': True, 'dipoles': False}
2024-02-15 00:38:37.454 INFO: Building model
2024-02-15 00:38:37.454 INFO: Using small mace-mp-0 settings. Hidden irreps: 128x0e
2024-02-15 00:38:38.941 INFO: CUDA version: 12.1, CUDA device: 0
2024-02-15 00:38:38.949 INFO: Using foundation model small as initial checkpoint.
2024-02-15 00:38:39.094 INFO: Using stochastic weight averaging (after 100 epochs) with energy weight : 1000.0, forces weight : 100.0 and learning rate : 0.001
2024-02-15 00:38:39.140 WARNING: Cannot find checkpoint with tag 'MACE_run-123' in 'checkpoints'
2024-02-15 00:38:39.141 INFO: ScaleShiftMACE(
  (node_embedding): LinearNodeEmbeddingBlock(
    (linear): Linear(3x0e -> 128x0e | 384 weights)
  )
  (radial_embedding): RadialEmbeddingBlock(
    (bessel_fn): BesselBasis(r_max=6.0, num_basis=10, trainable=False)
    (cutoff_fn): PolynomialCutoff(p=5.0, r_max=6.0)
  )
  (spherical_harmonics): SphericalHarmonics()
  (atomic_energies_fn): AtomicEnergiesBlock(energies=[-12.5343, -148.6812, -431.6357])
  (interactions): ModuleList(
    (0-1): 2 x RealAgnosticResidualInteractionBlock(
      (linear_up): Linear(128x0e -> 128x0e | 16384 weights)
      (conv_tp): TensorProduct(128x0e x 1x0e+1x1o+1x2e+1x3o -> 128x0e+128x1o+128x2e+128x3o | 512 paths | 512 weights)
      (conv_tp_weights): FullyConnectedNet[10, 64, 64, 64, 512]
      (linear): Linear(128x0e+128x1o+128x2e+128x3o -> 128x0e+128x1o+128x2e+128x3o | 65536 weights)
      (skip_tp): FullyConnectedTensorProduct(128x0e x 3x0e -> 128x0e | 49152 paths | 49152 weights)
      (reshape): reshape_irreps()
    )
  )
  (products): ModuleList(
    (0-1): 2 x EquivariantProductBasisBlock(
      (symmetric_contractions): SymmetricContraction(
        (contractions): ModuleList(
          (0): Contraction(
            (contractions_weighting): ModuleList(
              (0-1): 2 x GraphModule()
            )
            (contractions_features): ModuleList(
              (0-1): 2 x GraphModule()
            )
            (weights): ParameterList(
                (0): Parameter containing: [torch.float32 of size 3x4x128 (cuda:0)]
                (1): Parameter containing: [torch.float32 of size 3x1x128 (cuda:0)]
            )
            (graph_opt_main): GraphModule()
          )
        )
      )
      (linear): Linear(128x0e -> 128x0e | 16384 weights)
    )
  )
  (readouts): ModuleList(
    (0): LinearReadoutBlock(
      (linear): Linear(128x0e -> 1x0e | 128 weights)
    )
    (1): NonLinearReadoutBlock(
      (linear_1): Linear(128x0e -> 16x0e | 2048 weights)
      (non_linearity): Activation [x] (16x0e -> 16x0e)
      (linear_2): Linear(16x0e -> 1x0e | 16 weights)
    )
  )
  (scale_shift): ScaleShiftBlock(scale=0.804154, shift=-7.592500)
)
2024-02-15 00:38:39.142 INFO: Number of parameters: 402192
2024-02-15 00:38:39.142 INFO: Optimizer: Adam (
Parameter Group 0
    amsgrad: True
    betas: (0.9, 0.999)
    capturable: False
    differentiable: False
    eps: 1e-08
    foreach: None
    fused: None
    initial_lr: 0.001
    lr: 0.001
    maximize: False
    name: embedding
    swa_lr: 0.001
    weight_decay: 0.0

Parameter Group 1
    amsgrad: True
    betas: (0.9, 0.999)
    capturable: False
    differentiable: False
    eps: 1e-08
    foreach: None
    fused: None
    initial_lr: 0.001
    lr: 0.001
    maximize: False
    name: interactions_decay
    swa_lr: 0.001
    weight_decay: 5e-07

Parameter Group 2
    amsgrad: True
    betas: (0.9, 0.999)
    capturable: False
    differentiable: False
    eps: 1e-08
    foreach: None
    fused: None
    initial_lr: 0.001
    lr: 0.001
    maximize: False
    name: interactions_no_decay
    swa_lr: 0.001
    weight_decay: 0.0

Parameter Group 3
    amsgrad: True
    betas: (0.9, 0.999)
    capturable: False
    differentiable: False
    eps: 1e-08
    foreach: None
    fused: None
    initial_lr: 0.001
    lr: 0.001
    maximize: False
    name: products
    swa_lr: 0.001
    weight_decay: 5e-07

Parameter Group 4
    amsgrad: True
    betas: (0.9, 0.999)
    capturable: False
    differentiable: False
    eps: 1e-08
    foreach: None
    fused: None
    initial_lr: 0.001
    lr: 0.001
    maximize: False
    name: readouts
    swa_lr: 0.001
    weight_decay: 0.0

Parameter Group 5
    amsgrad: True
    betas: (0.9, 0.999)
    capturable: False
    differentiable: False
    eps: 1e-08
    foreach: None
    fused: None
    initial_lr: 0.001
    lr: 0.001
    maximize: False
    name: radial_embedding
    swa_lr: 0.001
    weight_decay: 0.0
)
2024-02-15 00:38:39.142 INFO: Using gradient clipping with tolerance=10.000
2024-02-15 00:38:39.142 INFO: Started training
2024-02-15 00:38:44.589 INFO: Epoch None: loss=0.0082, RMSE_E_per_atom=387.1 meV, RMSE_F=714.9 meV / A, RMSE_stress_per_atom=0.0 meV / A^3
2024-02-15 00:39:41.826 INFO: Epoch 0: loss=0.0029, RMSE_E_per_atom=30.5 meV, RMSE_F=380.9 meV / A, RMSE_stress_per_atom=0.0 meV / A^3
2024-02-15 00:41:25.867 INFO: Epoch 2: loss=0.0023, RMSE_E_per_atom=10.2 meV, RMSE_F=317.6 meV / A, RMSE_stress_per_atom=0.0 meV / A^3
2024-02-15 00:43:10.195 INFO: Epoch 4: loss=0.0021, RMSE_E_per_atom=8.7 meV, RMSE_F=298.0 meV / A, RMSE_stress_per_atom=0.0 meV / A^3
2024-02-15 00:44:54.463 INFO: Epoch 6: loss=0.0020, RMSE_E_per_atom=7.9 meV, RMSE_F=286.5 meV / A, RMSE_stress_per_atom=0.0 meV / A^3
2024-02-15 00:46:38.707 INFO: Epoch 8: loss=0.0020, RMSE_E_per_atom=7.7 meV, RMSE_F=278.7 meV / A, RMSE_stress_per_atom=0.0 meV / A^3
2024-02-15 00:48:22.987 INFO: Epoch 10: loss=0.0019, RMSE_E_per_atom=7.3 meV, RMSE_F=273.1 meV / A, RMSE_stress_per_atom=0.0 meV / A^3
2024-02-15 00:50:07.155 INFO: Epoch 12: loss=0.0019, RMSE_E_per_atom=6.9 meV, RMSE_F=268.4 meV / A, RMSE_stress_per_atom=0.0 meV / A^3
2024-02-15 00:51:51.353 INFO: Epoch 14: loss=0.0019, RMSE_E_per_atom=6.8 meV, RMSE_F=264.6 meV / A, RMSE_stress_per_atom=0.0 meV / A^3
2024-02-15 00:53:35.588 INFO: Epoch 16: loss=0.0018, RMSE_E_per_atom=6.6 meV, RMSE_F=261.4 meV / A, RMSE_stress_per_atom=0.0 meV / A^3
2024-02-15 00:55:19.810 INFO: Epoch 18: loss=0.0018, RMSE_E_per_atom=6.4 meV, RMSE_F=258.7 meV / A, RMSE_stress_per_atom=0.0 meV / A^3
2024-02-15 00:57:03.999 INFO: Epoch 20: loss=0.0018, RMSE_E_per_atom=6.3 meV, RMSE_F=256.4 meV / A, RMSE_stress_per_atom=0.0 meV / A^3
2024-02-15 00:58:48.199 INFO: Epoch 22: loss=0.0018, RMSE_E_per_atom=6.1 meV, RMSE_F=254.4 meV / A, RMSE_stress_per_atom=0.0 meV / A^3
2024-02-15 01:00:32.417 INFO: Epoch 24: loss=0.0018, RMSE_E_per_atom=6.3 meV, RMSE_F=252.7 meV / A, RMSE_stress_per_atom=0.0 meV / A^3
2024-02-15 01:02:16.627 INFO: Epoch 26: loss=0.0017, RMSE_E_per_atom=5.8 meV, RMSE_F=251.1 meV / A, RMSE_stress_per_atom=0.0 meV / A^3
2024-02-15 01:04:00.854 INFO: Epoch 28: loss=0.0017, RMSE_E_per_atom=6.0 meV, RMSE_F=249.7 meV / A, RMSE_stress_per_atom=0.0 meV / A^3
2024-02-15 01:05:44.994 INFO: Epoch 30: loss=0.0017, RMSE_E_per_atom=5.6 meV, RMSE_F=248.4 meV / A, RMSE_stress_per_atom=0.0 meV / A^3
2024-02-15 01:07:29.212 INFO: Epoch 32: loss=0.0017, RMSE_E_per_atom=5.5 meV, RMSE_F=247.1 meV / A, RMSE_stress_per_atom=0.0 meV / A^3
2024-02-15 01:09:13.411 INFO: Epoch 34: loss=0.0017, RMSE_E_per_atom=5.5 meV, RMSE_F=246.0 meV / A, RMSE_stress_per_atom=0.0 meV / A^3
2024-02-15 01:10:57.644 INFO: Epoch 36: loss=0.0017, RMSE_E_per_atom=5.4 meV, RMSE_F=244.9 meV / A, RMSE_stress_per_atom=0.0 meV / A^3
2024-02-15 01:12:41.854 INFO: Epoch 38: loss=0.0017, RMSE_E_per_atom=5.7 meV, RMSE_F=244.0 meV / A, RMSE_stress_per_atom=0.0 meV / A^3
2024-02-15 01:14:26.252 INFO: Epoch 40: loss=0.0017, RMSE_E_per_atom=5.6 meV, RMSE_F=243.2 meV / A, RMSE_stress_per_atom=0.0 meV / A^3
2024-02-15 01:16:10.431 INFO: Epoch 42: loss=0.0017, RMSE_E_per_atom=5.5 meV, RMSE_F=242.4 meV / A, RMSE_stress_per_atom=0.0 meV / A^3
2024-02-15 01:17:54.500 INFO: Epoch 44: loss=0.0017, RMSE_E_per_atom=5.3 meV, RMSE_F=241.7 meV / A, RMSE_stress_per_atom=0.0 meV / A^3
2024-02-15 01:19:38.403 INFO: Epoch 46: loss=0.0017, RMSE_E_per_atom=5.1 meV, RMSE_F=240.9 meV / A, RMSE_stress_per_atom=0.0 meV / A^3
2024-02-15 01:21:22.355 INFO: Epoch 48: loss=0.0016, RMSE_E_per_atom=5.1 meV, RMSE_F=240.1 meV / A, RMSE_stress_per_atom=0.0 meV / A^3
2024-02-15 01:23:06.323 INFO: Epoch 50: loss=0.0016, RMSE_E_per_atom=5.1 meV, RMSE_F=239.4 meV / A, RMSE_stress_per_atom=0.0 meV / A^3
2024-02-15 01:24:50.257 INFO: Epoch 52: loss=0.0016, RMSE_E_per_atom=5.3 meV, RMSE_F=238.8 meV / A, RMSE_stress_per_atom=0.0 meV / A^3
2024-02-15 01:26:34.187 INFO: Epoch 54: loss=0.0016, RMSE_E_per_atom=5.0 meV, RMSE_F=238.2 meV / A, RMSE_stress_per_atom=0.0 meV / A^3
2024-02-15 01:28:18.098 INFO: Epoch 56: loss=0.0016, RMSE_E_per_atom=5.1 meV, RMSE_F=237.6 meV / A, RMSE_stress_per_atom=0.0 meV / A^3
2024-02-15 01:30:01.993 INFO: Epoch 58: loss=0.0016, RMSE_E_per_atom=5.0 meV, RMSE_F=237.0 meV / A, RMSE_stress_per_atom=0.0 meV / A^3
2024-02-15 01:31:45.886 INFO: Epoch 60: loss=0.0016, RMSE_E_per_atom=4.9 meV, RMSE_F=236.4 meV / A, RMSE_stress_per_atom=0.0 meV / A^3
2024-02-15 01:33:29.684 INFO: Epoch 62: loss=0.0016, RMSE_E_per_atom=5.0 meV, RMSE_F=235.8 meV / A, RMSE_stress_per_atom=0.0 meV / A^3
2024-02-15 01:35:13.527 INFO: Epoch 64: loss=0.0016, RMSE_E_per_atom=4.9 meV, RMSE_F=235.2 meV / A, RMSE_stress_per_atom=0.0 meV / A^3
2024-02-15 01:36:57.319 INFO: Epoch 66: loss=0.0016, RMSE_E_per_atom=5.0 meV, RMSE_F=234.8 meV / A, RMSE_stress_per_atom=0.0 meV / A^3
2024-02-15 01:38:41.084 INFO: Epoch 68: loss=0.0016, RMSE_E_per_atom=5.0 meV, RMSE_F=234.4 meV / A, RMSE_stress_per_atom=0.0 meV / A^3
2024-02-15 01:40:24.841 INFO: Epoch 70: loss=0.0016, RMSE_E_per_atom=5.0 meV, RMSE_F=234.0 meV / A, RMSE_stress_per_atom=0.0 meV / A^3
2024-02-15 01:42:08.531 INFO: Epoch 72: loss=0.0016, RMSE_E_per_atom=4.9 meV, RMSE_F=233.5 meV / A, RMSE_stress_per_atom=0.0 meV / A^3
2024-02-15 01:43:52.237 INFO: Epoch 74: loss=0.0016, RMSE_E_per_atom=4.9 meV, RMSE_F=233.1 meV / A, RMSE_stress_per_atom=0.0 meV / A^3
2024-02-15 01:45:36.014 INFO: Epoch 76: loss=0.0016, RMSE_E_per_atom=5.1 meV, RMSE_F=232.7 meV / A, RMSE_stress_per_atom=0.0 meV / A^3
2024-02-15 01:47:19.740 INFO: Epoch 78: loss=0.0016, RMSE_E_per_atom=4.9 meV, RMSE_F=232.3 meV / A, RMSE_stress_per_atom=0.0 meV / A^3
2024-02-15 01:49:03.477 INFO: Epoch 80: loss=0.0016, RMSE_E_per_atom=4.7 meV, RMSE_F=231.9 meV / A, RMSE_stress_per_atom=0.0 meV / A^3
2024-02-15 01:50:47.210 INFO: Epoch 82: loss=0.0016, RMSE_E_per_atom=4.8 meV, RMSE_F=231.5 meV / A, RMSE_stress_per_atom=0.0 meV / A^3
2024-02-15 01:52:30.947 INFO: Epoch 84: loss=0.0016, RMSE_E_per_atom=4.7 meV, RMSE_F=231.1 meV / A, RMSE_stress_per_atom=0.0 meV / A^3
2024-02-15 01:54:14.650 INFO: Epoch 86: loss=0.0016, RMSE_E_per_atom=4.6 meV, RMSE_F=230.7 meV / A, RMSE_stress_per_atom=0.0 meV / A^3
2024-02-15 01:55:58.371 INFO: Epoch 88: loss=0.0016, RMSE_E_per_atom=4.7 meV, RMSE_F=230.3 meV / A, RMSE_stress_per_atom=0.0 meV / A^3
2024-02-15 01:57:42.112 INFO: Epoch 90: loss=0.0016, RMSE_E_per_atom=4.7 meV, RMSE_F=229.9 meV / A, RMSE_stress_per_atom=0.0 meV / A^3
2024-02-15 01:59:25.855 INFO: Epoch 92: loss=0.0016, RMSE_E_per_atom=4.8 meV, RMSE_F=229.6 meV / A, RMSE_stress_per_atom=0.0 meV / A^3
2024-02-15 02:01:09.576 INFO: Epoch 94: loss=0.0016, RMSE_E_per_atom=4.7 meV, RMSE_F=229.2 meV / A, RMSE_stress_per_atom=0.0 meV / A^3
2024-02-15 02:02:53.303 INFO: Epoch 96: loss=0.0016, RMSE_E_per_atom=4.6 meV, RMSE_F=228.9 meV / A, RMSE_stress_per_atom=0.0 meV / A^3
2024-02-15 02:04:37.006 INFO: Epoch 98: loss=0.0016, RMSE_E_per_atom=4.5 meV, RMSE_F=228.5 meV / A, RMSE_stress_per_atom=0.0 meV / A^3
2024-02-15 02:05:27.890 INFO: Changing loss based on SWA
2024-02-15 02:06:20.770 INFO: Epoch 100: loss=9.2359, RMSE_E_per_atom=14.1 meV, RMSE_F=295.9 meV / A, RMSE_stress_per_atom=0.0 meV / A^3
2024-02-15 02:08:04.552 INFO: Epoch 102: loss=6.1186, RMSE_E_per_atom=7.6 meV, RMSE_F=241.0 meV / A, RMSE_stress_per_atom=0.0 meV / A^3
2024-02-15 02:09:48.258 INFO: Epoch 104: loss=5.5177, RMSE_E_per_atom=5.6 meV, RMSE_F=229.2 meV / A, RMSE_stress_per_atom=0.0 meV / A^3
2024-02-15 02:11:31.979 INFO: Epoch 106: loss=5.3090, RMSE_E_per_atom=5.1 meV, RMSE_F=225.2 meV / A, RMSE_stress_per_atom=0.0 meV / A^3
2024-02-15 02:13:15.728 INFO: Epoch 108: loss=5.1821, RMSE_E_per_atom=5.0 meV, RMSE_F=222.6 meV / A, RMSE_stress_per_atom=0.0 meV / A^3
2024-02-15 02:14:59.474 INFO: Epoch 110: loss=5.0998, RMSE_E_per_atom=5.0 meV, RMSE_F=221.0 meV / A, RMSE_stress_per_atom=0.0 meV / A^3
2024-02-15 02:16:43.185 INFO: Epoch 112: loss=5.0340, RMSE_E_per_atom=4.9 meV, RMSE_F=219.7 meV / A, RMSE_stress_per_atom=0.0 meV / A^3
2024-02-15 02:18:26.912 INFO: Epoch 114: loss=4.9525, RMSE_E_per_atom=4.7 meV, RMSE_F=217.9 meV / A, RMSE_stress_per_atom=0.0 meV / A^3
2024-02-15 02:20:10.672 INFO: Epoch 116: loss=4.8845, RMSE_E_per_atom=4.7 meV, RMSE_F=216.4 meV / A, RMSE_stress_per_atom=0.0 meV / A^3
2024-02-15 02:21:54.443 INFO: Epoch 118: loss=4.8278, RMSE_E_per_atom=4.6 meV, RMSE_F=215.2 meV / A, RMSE_stress_per_atom=0.0 meV / A^3
2024-02-15 02:23:38.147 INFO: Epoch 120: loss=4.7708, RMSE_E_per_atom=4.5 meV, RMSE_F=213.9 meV / A, RMSE_stress_per_atom=0.0 meV / A^3
2024-02-15 02:25:21.858 INFO: Epoch 122: loss=4.7191, RMSE_E_per_atom=4.5 meV, RMSE_F=212.8 meV / A, RMSE_stress_per_atom=0.0 meV / A^3
2024-02-15 02:27:05.608 INFO: Epoch 124: loss=4.6819, RMSE_E_per_atom=4.5 meV, RMSE_F=211.9 meV / A, RMSE_stress_per_atom=0.0 meV / A^3
2024-02-15 02:28:49.326 INFO: Epoch 126: loss=4.6515, RMSE_E_per_atom=4.4 meV, RMSE_F=211.2 meV / A, RMSE_stress_per_atom=0.0 meV / A^3
2024-02-15 02:30:33.052 INFO: Epoch 128: loss=4.6146, RMSE_E_per_atom=4.3 meV, RMSE_F=210.4 meV / A, RMSE_stress_per_atom=0.0 meV / A^3
2024-02-15 02:32:16.788 INFO: Epoch 130: loss=4.5790, RMSE_E_per_atom=4.3 meV, RMSE_F=209.6 meV / A, RMSE_stress_per_atom=0.0 meV / A^3
2024-02-15 02:34:00.521 INFO: Epoch 132: loss=4.5493, RMSE_E_per_atom=4.3 meV, RMSE_F=208.8 meV / A, RMSE_stress_per_atom=0.0 meV / A^3
2024-02-15 02:35:44.241 INFO: Epoch 134: loss=4.5216, RMSE_E_per_atom=4.2 meV, RMSE_F=208.3 meV / A, RMSE_stress_per_atom=0.0 meV / A^3
2024-02-15 02:37:27.954 INFO: Epoch 136: loss=4.4966, RMSE_E_per_atom=4.3 meV, RMSE_F=207.7 meV / A, RMSE_stress_per_atom=0.0 meV / A^3
2024-02-15 02:39:11.686 INFO: Epoch 138: loss=4.4724, RMSE_E_per_atom=4.2 meV, RMSE_F=207.1 meV / A, RMSE_stress_per_atom=0.0 meV / A^3
2024-02-15 02:40:55.389 INFO: Epoch 140: loss=4.4434, RMSE_E_per_atom=4.2 meV, RMSE_F=206.5 meV / A, RMSE_stress_per_atom=0.0 meV / A^3
2024-02-15 02:42:39.085 INFO: Epoch 142: loss=4.4223, RMSE_E_per_atom=4.2 meV, RMSE_F=205.9 meV / A, RMSE_stress_per_atom=0.0 meV / A^3
2024-02-15 02:44:22.834 INFO: Epoch 144: loss=4.4078, RMSE_E_per_atom=4.2 meV, RMSE_F=205.6 meV / A, RMSE_stress_per_atom=0.0 meV / A^3
2024-02-15 02:46:06.576 INFO: Epoch 146: loss=4.3949, RMSE_E_per_atom=4.1 meV, RMSE_F=205.2 meV / A, RMSE_stress_per_atom=0.0 meV / A^3
2024-02-15 02:47:50.311 INFO: Epoch 148: loss=4.3742, RMSE_E_per_atom=4.1 meV, RMSE_F=204.7 meV / A, RMSE_stress_per_atom=0.0 meV / A^3
2024-02-15 02:49:34.058 INFO: Epoch 150: loss=4.3610, RMSE_E_per_atom=4.1 meV, RMSE_F=204.4 meV / A, RMSE_stress_per_atom=0.0 meV / A^3
2024-02-15 02:51:17.769 INFO: Epoch 152: loss=4.3436, RMSE_E_per_atom=4.1 meV, RMSE_F=204.0 meV / A, RMSE_stress_per_atom=0.0 meV / A^3
2024-02-15 02:53:01.515 INFO: Epoch 154: loss=4.3238, RMSE_E_per_atom=4.1 meV, RMSE_F=203.5 meV / A, RMSE_stress_per_atom=0.0 meV / A^3
2024-02-15 02:54:45.219 INFO: Epoch 156: loss=4.3175, RMSE_E_per_atom=4.1 meV, RMSE_F=203.4 meV / A, RMSE_stress_per_atom=0.0 meV / A^3
2024-02-15 02:56:28.933 INFO: Epoch 158: loss=4.2984, RMSE_E_per_atom=4.1 meV, RMSE_F=203.0 meV / A, RMSE_stress_per_atom=0.0 meV / A^3
2024-02-15 02:58:12.628 INFO: Epoch 160: loss=4.2807, RMSE_E_per_atom=4.0 meV, RMSE_F=202.5 meV / A, RMSE_stress_per_atom=0.0 meV / A^3
2024-02-15 02:59:56.335 INFO: Epoch 162: loss=4.2661, RMSE_E_per_atom=4.0 meV, RMSE_F=202.2 meV / A, RMSE_stress_per_atom=0.0 meV / A^3
2024-02-15 03:01:40.043 INFO: Epoch 164: loss=4.2487, RMSE_E_per_atom=4.0 meV, RMSE_F=201.8 meV / A, RMSE_stress_per_atom=0.0 meV / A^3
2024-02-15 03:03:23.735 INFO: Epoch 166: loss=4.2363, RMSE_E_per_atom=4.0 meV, RMSE_F=201.5 meV / A, RMSE_stress_per_atom=0.0 meV / A^3
2024-02-15 03:05:07.428 INFO: Epoch 168: loss=4.2206, RMSE_E_per_atom=4.0 meV, RMSE_F=201.1 meV / A, RMSE_stress_per_atom=0.0 meV / A^3
2024-02-15 03:06:51.172 INFO: Epoch 170: loss=4.2125, RMSE_E_per_atom=4.0 meV, RMSE_F=200.8 meV / A, RMSE_stress_per_atom=0.0 meV / A^3
2024-02-15 03:08:34.919 INFO: Epoch 172: loss=4.1982, RMSE_E_per_atom=4.0 meV, RMSE_F=200.5 meV / A, RMSE_stress_per_atom=0.0 meV / A^3
2024-02-15 03:10:18.620 INFO: Epoch 174: loss=4.1857, RMSE_E_per_atom=4.0 meV, RMSE_F=200.2 meV / A, RMSE_stress_per_atom=0.0 meV / A^3
2024-02-15 03:12:02.343 INFO: Epoch 176: loss=4.1681, RMSE_E_per_atom=4.0 meV, RMSE_F=199.8 meV / A, RMSE_stress_per_atom=0.0 meV / A^3
2024-02-15 03:13:46.060 INFO: Epoch 178: loss=4.1551, RMSE_E_per_atom=4.0 meV, RMSE_F=199.5 meV / A, RMSE_stress_per_atom=0.0 meV / A^3
2024-02-15 03:15:29.811 INFO: Epoch 180: loss=4.1436, RMSE_E_per_atom=3.9 meV, RMSE_F=199.2 meV / A, RMSE_stress_per_atom=0.0 meV / A^3
2024-02-15 03:17:13.494 INFO: Epoch 182: loss=4.1359, RMSE_E_per_atom=3.9 meV, RMSE_F=199.0 meV / A, RMSE_stress_per_atom=0.0 meV / A^3
2024-02-15 03:18:57.239 INFO: Epoch 184: loss=4.1265, RMSE_E_per_atom=4.0 meV, RMSE_F=198.8 meV / A, RMSE_stress_per_atom=0.0 meV / A^3
2024-02-15 03:20:40.955 INFO: Epoch 186: loss=4.1120, RMSE_E_per_atom=3.9 meV, RMSE_F=198.4 meV / A, RMSE_stress_per_atom=0.0 meV / A^3
2024-02-15 03:22:24.706 INFO: Epoch 188: loss=4.1021, RMSE_E_per_atom=3.9 meV, RMSE_F=198.2 meV / A, RMSE_stress_per_atom=0.0 meV / A^3
2024-02-15 03:24:08.442 INFO: Epoch 190: loss=4.0959, RMSE_E_per_atom=3.9 meV, RMSE_F=198.0 meV / A, RMSE_stress_per_atom=0.0 meV / A^3
2024-02-15 03:25:52.216 INFO: Epoch 192: loss=4.0850, RMSE_E_per_atom=3.9 meV, RMSE_F=197.8 meV / A, RMSE_stress_per_atom=0.0 meV / A^3
2024-02-15 03:27:35.930 INFO: Epoch 194: loss=4.0749, RMSE_E_per_atom=3.8 meV, RMSE_F=197.5 meV / A, RMSE_stress_per_atom=0.0 meV / A^3
2024-02-15 03:29:19.665 INFO: Epoch 196: loss=4.0667, RMSE_E_per_atom=3.8 meV, RMSE_F=197.4 meV / A, RMSE_stress_per_atom=0.0 meV / A^3
2024-02-15 03:31:03.378 INFO: Epoch 198: loss=4.0575, RMSE_E_per_atom=3.9 meV, RMSE_F=197.1 meV / A, RMSE_stress_per_atom=0.0 meV / A^3
2024-02-15 03:31:54.232 INFO: Training complete
2024-02-15 03:31:54.233 INFO: Computing metrics for training, validation, and test sets
2024-02-15 03:31:54.233 INFO: Loading checkpoint: checkpoints/MACE_run-123_epoch-98.pt
2024-02-15 03:31:54.244 INFO: Loaded model from epoch 98
2024-02-15 03:31:58.051 INFO: Evaluating train ...
2024-02-15 03:32:16.346 INFO: Evaluating valid ...
2024-02-15 03:32:18.415 INFO: Evaluating 0.50-0.50-0.30 ...
2024-02-15 03:32:18.541 INFO: Evaluating 0.20-0.75 ...
2024-02-15 03:32:18.665 INFO: Evaluating 0.10-0.50-0.10 ...
2024-02-15 03:32:18.767 INFO: Evaluating 0.50-0.50 ...
2024-02-15 03:32:19.049 INFO: Evaluating 0.40-0.75 ...
2024-02-15 03:32:19.257 INFO: Evaluating 0.10-0.50 ...
2024-02-15 03:32:19.398 INFO: Evaluating 0.50-0.75 ...
2024-02-15 03:32:19.673 INFO: Evaluating 0.50-0.50-0.20 ...
2024-02-15 03:32:19.827 INFO: Evaluating 0.30-0.75 ...
2024-02-15 03:32:20.049 INFO: Evaluating 0.40-0.50-0.50 ...
2024-02-15 03:32:20.129 INFO: Evaluating 0.30-0.50-0.10 ...
2024-02-15 03:32:20.225 INFO: Evaluating 0.30-0.00 ...
2024-02-15 03:32:20.378 INFO: Evaluating 0.50-1.00 ...
2024-02-15 03:32:20.645 INFO: Evaluating 0.10-1.00 ...
2024-02-15 03:32:20.817 INFO: Evaluating 0.40-0.00 ...
2024-02-15 03:32:20.999 INFO: Evaluating 0.30-1.00 ...
2024-02-15 03:32:21.198 INFO: Evaluating 0.10-0.50-0.20 ...
2024-02-15 03:32:21.240 INFO: Evaluating 0.10-0.75 ...
2024-02-15 03:32:21.357 INFO: Evaluating 0.20-0.50 ...
2024-02-15 03:32:21.543 INFO: Evaluating 0.30-0.25 ...
2024-02-15 03:32:21.764 INFO: Evaluating 0.10-0.00 ...
2024-02-15 03:32:21.912 INFO: Evaluating 0.50-0.00 ...
2024-02-15 03:32:22.096 INFO: Evaluating 0.50-0.50-0.10 ...
2024-02-15 03:32:22.189 INFO: Evaluating 0.40-0.50 ...
2024-02-15 03:32:22.329 INFO: Evaluating 0.30-0.50-0.50 ...
2024-02-15 03:32:22.390 INFO: Evaluating 0.10-0.50-0.40 ...
2024-02-15 03:32:22.448 INFO: Evaluating 0.30-0.50-0.20 ...
2024-02-15 03:32:22.559 INFO: Evaluating 0.40-1.00 ...
2024-02-15 03:32:22.812 INFO: Evaluating 0.10-0.25 ...
2024-02-15 03:32:22.940 INFO: Evaluating 0.20-0.50-0.30 ...
2024-02-15 03:32:23.029 INFO: Evaluating 0.50-0.25 ...
2024-02-15 03:32:23.191 INFO: Evaluating 0.40-0.50-0.40 ...
2024-02-15 03:32:23.255 INFO: Evaluating 0.20-0.50-0.50 ...
2024-02-15 03:32:23.315 INFO: Evaluating 0.20-0.50-0.20 ...
2024-02-15 03:32:23.406 INFO: Evaluating 0.20-0.25 ...
2024-02-15 03:32:23.550 INFO: Evaluating 0.20-0.00 ...
2024-02-15 03:32:23.667 INFO: Evaluating 0.40-0.50-0.20 ...
2024-02-15 03:32:23.752 INFO: Evaluating 0.20-1.00 ...
2024-02-15 03:32:23.875 INFO: Evaluating 0.30-0.50-0.30 ...
2024-02-15 03:32:23.965 INFO: Evaluating 0.30-0.50 ...
2024-02-15 03:32:24.124 INFO: Evaluating 0.30-0.50-0.40 ...
2024-02-15 03:32:24.212 INFO: Evaluating 0.50-0.50-0.40 ...
2024-02-15 03:32:24.286 INFO: Evaluating 0.40-0.50-0.10 ...
2024-02-15 03:32:24.423 INFO: Evaluating 0.40-0.25 ...
2024-02-15 03:32:24.623 INFO: Evaluating 0.40-0.50-0.30 ...
2024-02-15 03:32:24.695 INFO: Evaluating 0.10-0.50-0.30 ...
2024-02-15 03:32:24.780 INFO: Evaluating 0.10-0.50-0.50 ...
2024-02-15 03:32:24.859 INFO: Evaluating 0.50-0.50-0.50 ...
2024-02-15 03:32:24.931 INFO: Evaluating 0.20-0.50-0.40 ...
2024-02-15 03:32:24.981 INFO: Evaluating 0.20-0.50-0.10 ...
2024-02-15 03:32:25.020 INFO: 
+----------------+---------------------+------------------+-------------------+---------------------------------------+
|  config_type   | RMSE E / meV / atom | RMSE F / meV / A | relative F RMSE % | RMSE Stress (Virials) / meV / A (A^3) |
+----------------+---------------------+------------------+-------------------+---------------------------------------+
|     train      |         4.7         |      230.3       |       12.77       |                  7.2                  |
|     valid      |         4.5         |      228.5       |       12.60       |                  6.9                  |
| 0.50-0.50-0.30 |         5.5         |      330.2       |       16.30       |                  1.3                  |
|   0.20-0.75    |         2.7         |      174.8       |        9.98       |                  3.8                  |
| 0.10-0.50-0.10 |         5.1         |      194.1       |        8.93       |                  1.0                  |
|   0.50-0.50    |         6.6         |      222.4       |       13.66       |                  10.8                 |
|   0.40-0.75    |         3.8         |      202.6       |       14.41       |                  8.4                  |
|   0.10-0.50    |         1.9         |      147.3       |        9.04       |                  3.8                  |
|   0.50-0.75    |         8.2         |      231.4       |       14.92       |                  10.9                 |
| 0.50-0.50-0.20 |         8.7         |      299.2       |       15.32       |                  1.6                  |
|   0.30-0.75    |         4.6         |      193.3       |       12.03       |                  5.8                  |
| 0.40-0.50-0.50 |         6.0         |      288.0       |       14.12       |                  2.0                  |
| 0.30-0.50-0.10 |         6.3         |      283.4       |       14.09       |                  1.4                  |
|   0.30-0.00    |         5.2         |      242.8       |       13.34       |                  11.8                 |
|   0.50-1.00    |         5.2         |      220.9       |       13.41       |                  6.5                  |
|   0.10-1.00    |         3.0         |      139.8       |        7.55       |                  3.1                  |
|   0.40-0.00    |         6.5         |      240.8       |       14.63       |                  11.4                 |
|   0.30-1.00    |         2.6         |      190.1       |       10.60       |                  5.5                  |
| 0.10-0.50-0.20 |         5.7         |      216.3       |       10.01       |                  1.4                  |
|   0.10-0.75    |         2.9         |      159.8       |        9.78       |                  2.8                  |
|   0.20-0.50    |         3.6         |      188.0       |       10.64       |                  4.7                  |
|   0.30-0.25    |         4.3         |      219.5       |       13.03       |                  8.1                  |
|   0.10-0.00    |         3.1         |      165.3       |        9.00       |                  4.8                  |
|   0.50-0.00    |         6.3         |      251.1       |       15.30       |                  12.7                 |
| 0.50-0.50-0.10 |         4.2         |      297.0       |       14.90       |                  2.0                  |
|   0.40-0.50    |         4.1         |      222.8       |       14.26       |                  7.9                  |
| 0.30-0.50-0.50 |         5.6         |      263.2       |       13.24       |                  1.4                  |
| 0.10-0.50-0.40 |         6.8         |      223.0       |       10.05       |                  1.3                  |
| 0.30-0.50-0.20 |         4.3         |      296.8       |       14.35       |                  1.7                  |
|   0.40-1.00    |         4.5         |      190.0       |       12.09       |                  7.1                  |
|   0.10-0.25    |         2.3         |      208.6       |       11.45       |                  4.3                  |
| 0.20-0.50-0.30 |         4.8         |      262.3       |       11.98       |                  1.0                  |
|   0.50-0.25    |         5.5         |      272.0       |       15.86       |                  13.1                 |
| 0.40-0.50-0.40 |         9.2         |      356.0       |       16.38       |                  1.0                  |
| 0.20-0.50-0.50 |         7.3         |      301.6       |       13.78       |                  1.4                  |
| 0.20-0.50-0.20 |         5.6         |      246.5       |       11.53       |                  1.2                  |
|   0.20-0.25    |         5.1         |      201.5       |       11.27       |                  6.1                  |
|   0.20-0.00    |         3.9         |      195.2       |       13.87       |                  6.6                  |
| 0.40-0.50-0.20 |         4.0         |      270.1       |       13.37       |                  1.1                  |
|   0.20-1.00    |         4.2         |      175.1       |        9.27       |                  3.6                  |
| 0.30-0.50-0.30 |         5.0         |      297.3       |       14.51       |                  1.1                  |
|   0.30-0.50    |         3.6         |      219.3       |       11.76       |                  8.5                  |
| 0.30-0.50-0.40 |         6.1         |      269.8       |       13.20       |                  1.0                  |
| 0.50-0.50-0.40 |         2.5         |      311.5       |       15.70       |                  0.9                  |
| 0.40-0.50-0.10 |         5.0         |      333.1       |       16.51       |                  1.1                  |
|   0.40-0.25    |         5.8         |      262.5       |       14.99       |                  10.4                 |
| 0.40-0.50-0.30 |         3.7         |      312.0       |       15.16       |                  1.2                  |
| 0.10-0.50-0.30 |         8.6         |      273.2       |       12.32       |                  1.3                  |
| 0.10-0.50-0.50 |         6.4         |      297.0       |       13.43       |                  1.4                  |
| 0.50-0.50-0.50 |         4.4         |      358.9       |       17.51       |                  1.3                  |
| 0.20-0.50-0.40 |         4.6         |      256.6       |       12.44       |                  1.1                  |
| 0.20-0.50-0.10 |         6.1         |      291.8       |       13.66       |                  1.2                  |
+----------------+---------------------+------------------+-------------------+---------------------------------------+
2024-02-15 03:32:25.020 INFO: Saving model to checkpoints/MACE_run-123.model
2024-02-15 03:32:25.060 INFO: Loading checkpoint: checkpoints/MACE_run-123_epoch-198_swa.pt
2024-02-15 03:32:25.072 INFO: Loaded model from epoch 198
2024-02-15 03:32:29.044 INFO: Evaluating train ...
2024-02-15 03:32:47.327 INFO: Evaluating valid ...
2024-02-15 03:32:49.404 INFO: Evaluating 0.50-0.50-0.30 ...
2024-02-15 03:32:49.530 INFO: Evaluating 0.20-0.75 ...
2024-02-15 03:32:49.655 INFO: Evaluating 0.10-0.50-0.10 ...
2024-02-15 03:32:49.758 INFO: Evaluating 0.50-0.50 ...
2024-02-15 03:32:50.037 INFO: Evaluating 0.40-0.75 ...
2024-02-15 03:32:50.247 INFO: Evaluating 0.10-0.50 ...
2024-02-15 03:32:50.389 INFO: Evaluating 0.50-0.75 ...
2024-02-15 03:32:50.663 INFO: Evaluating 0.50-0.50-0.20 ...
2024-02-15 03:32:50.820 INFO: Evaluating 0.30-0.75 ...
2024-02-15 03:32:51.044 INFO: Evaluating 0.40-0.50-0.50 ...
2024-02-15 03:32:51.124 INFO: Evaluating 0.30-0.50-0.10 ...
2024-02-15 03:32:51.221 INFO: Evaluating 0.30-0.00 ...
2024-02-15 03:32:51.375 INFO: Evaluating 0.50-1.00 ...
2024-02-15 03:32:51.644 INFO: Evaluating 0.10-1.00 ...
2024-02-15 03:32:51.819 INFO: Evaluating 0.40-0.00 ...
2024-02-15 03:32:52.004 INFO: Evaluating 0.30-1.00 ...
2024-02-15 03:32:52.205 INFO: Evaluating 0.10-0.50-0.20 ...
2024-02-15 03:32:52.248 INFO: Evaluating 0.10-0.75 ...
2024-02-15 03:32:52.367 INFO: Evaluating 0.20-0.50 ...
2024-02-15 03:32:52.557 INFO: Evaluating 0.30-0.25 ...
2024-02-15 03:32:52.779 INFO: Evaluating 0.10-0.00 ...
2024-02-15 03:32:52.925 INFO: Evaluating 0.50-0.00 ...
2024-02-15 03:32:53.110 INFO: Evaluating 0.50-0.50-0.10 ...
2024-02-15 03:32:53.204 INFO: Evaluating 0.40-0.50 ...
2024-02-15 03:32:53.346 INFO: Evaluating 0.30-0.50-0.50 ...
2024-02-15 03:32:53.408 INFO: Evaluating 0.10-0.50-0.40 ...
2024-02-15 03:32:53.466 INFO: Evaluating 0.30-0.50-0.20 ...
2024-02-15 03:32:53.579 INFO: Evaluating 0.40-1.00 ...
2024-02-15 03:32:53.834 INFO: Evaluating 0.10-0.25 ...
2024-02-15 03:32:53.962 INFO: Evaluating 0.20-0.50-0.30 ...
2024-02-15 03:32:54.052 INFO: Evaluating 0.50-0.25 ...
2024-02-15 03:32:54.218 INFO: Evaluating 0.40-0.50-0.40 ...
2024-02-15 03:32:54.284 INFO: Evaluating 0.20-0.50-0.50 ...
2024-02-15 03:32:54.345 INFO: Evaluating 0.20-0.50-0.20 ...
2024-02-15 03:32:54.439 INFO: Evaluating 0.20-0.25 ...
2024-02-15 03:32:54.588 INFO: Evaluating 0.20-0.00 ...
2024-02-15 03:32:54.706 INFO: Evaluating 0.40-0.50-0.20 ...
2024-02-15 03:32:54.794 INFO: Evaluating 0.20-1.00 ...
2024-02-15 03:32:54.918 INFO: Evaluating 0.30-0.50-0.30 ...
2024-02-15 03:32:55.007 INFO: Evaluating 0.30-0.50 ...
2024-02-15 03:32:55.167 INFO: Evaluating 0.30-0.50-0.40 ...
2024-02-15 03:32:55.256 INFO: Evaluating 0.50-0.50-0.40 ...
2024-02-15 03:32:55.330 INFO: Evaluating 0.40-0.50-0.10 ...
2024-02-15 03:32:55.468 INFO: Evaluating 0.40-0.25 ...
2024-02-15 03:32:55.670 INFO: Evaluating 0.40-0.50-0.30 ...
2024-02-15 03:32:55.743 INFO: Evaluating 0.10-0.50-0.30 ...
2024-02-15 03:32:55.828 INFO: Evaluating 0.10-0.50-0.50 ...
2024-02-15 03:32:55.908 INFO: Evaluating 0.50-0.50-0.50 ...
2024-02-15 03:32:55.981 INFO: Evaluating 0.20-0.50-0.40 ...
2024-02-15 03:32:56.030 INFO: Evaluating 0.20-0.50-0.10 ...
2024-02-15 03:32:56.070 INFO: 
+----------------+---------------------+------------------+-------------------+---------------------------------------+
|  config_type   | RMSE E / meV / atom | RMSE F / meV / A | relative F RMSE % | RMSE Stress (Virials) / meV / A (A^3) |
+----------------+---------------------+------------------+-------------------+---------------------------------------+
|     train      |         3.9         |      191.4       |       10.61       |                  6.8                  |
|     valid      |         3.9         |      197.1       |       10.86       |                  6.6                  |
| 0.50-0.50-0.30 |         3.3         |      281.7       |       13.90       |                  1.3                  |
|   0.20-0.75    |         2.6         |      151.0       |        8.62       |                  3.4                  |
| 0.10-0.50-0.10 |         4.3         |      160.7       |        7.39       |                  1.0                  |
|   0.50-0.50    |         4.9         |      192.9       |       11.85       |                  10.3                 |
|   0.40-0.75    |         3.4         |      176.5       |       12.55       |                  7.8                  |
|   0.10-0.50    |         1.9         |      130.6       |        8.02       |                  3.2                  |
|   0.50-0.75    |         6.6         |      198.6       |       12.81       |                  10.4                 |
| 0.50-0.50-0.20 |         7.2         |      257.1       |       13.17       |                  1.7                  |
|   0.30-0.75    |         3.5         |      164.5       |       10.24       |                  5.4                  |
| 0.40-0.50-0.50 |         4.9         |      246.7       |       12.10       |                  2.0                  |
| 0.30-0.50-0.10 |         4.3         |      231.2       |       11.49       |                  1.4                  |
|   0.30-0.00    |         4.2         |      207.4       |       11.40       |                  11.4                 |
|   0.50-1.00    |         4.1         |      192.9       |       11.71       |                  6.2                  |
|   0.10-1.00    |         2.3         |      120.9       |        6.53       |                  2.6                  |
|   0.40-0.00    |         4.9         |      202.6       |       12.31       |                  11.1                 |
|   0.30-1.00    |         1.9         |      167.0       |        9.31       |                  5.0                  |
| 0.10-0.50-0.20 |         4.8         |      173.0       |        8.00       |                  1.4                  |
|   0.10-0.75    |         2.2         |      137.5       |        8.41       |                  2.3                  |
|   0.20-0.50    |         3.2         |      165.6       |        9.38       |                  4.3                  |
|   0.30-0.25    |         3.5         |      188.9       |       11.21       |                  7.7                  |
|   0.10-0.00    |         2.3         |      143.9       |        7.84       |                  4.3                  |
|   0.50-0.00    |         4.6         |      218.2       |       13.30       |                  12.3                 |
| 0.50-0.50-0.10 |         4.1         |      257.6       |       12.92       |                  2.0                  |
|   0.40-0.50    |         2.9         |      192.9       |       12.35       |                  7.4                  |
| 0.30-0.50-0.50 |         4.8         |      218.1       |       10.98       |                  1.4                  |
| 0.10-0.50-0.40 |         4.5         |      190.2       |        8.58       |                  1.3                  |
| 0.30-0.50-0.20 |         4.0         |      245.2       |       11.85       |                  1.7                  |
|   0.40-1.00    |         3.5         |      166.4       |       10.58       |                  6.6                  |
|   0.10-0.25    |         2.2         |      140.1       |        7.69       |                  3.7                  |
| 0.20-0.50-0.30 |         3.3         |      226.1       |       10.33       |                  1.1                  |
|   0.50-0.25    |         4.5         |      233.8       |       13.63       |                  12.6                 |
| 0.40-0.50-0.40 |         8.3         |      311.8       |       14.34       |                  1.0                  |
| 0.20-0.50-0.50 |         5.7         |      249.6       |       11.41       |                  1.4                  |
| 0.20-0.50-0.20 |         3.9         |      208.8       |        9.76       |                  1.3                  |
|   0.20-0.25    |         4.3         |      172.9       |        9.68       |                  5.7                  |
|   0.20-0.00    |         2.2         |      167.4       |       11.89       |                  6.1                  |
| 0.40-0.50-0.20 |         3.7         |      224.2       |       11.10       |                  1.1                  |
|   0.20-1.00    |         3.0         |      154.5       |        8.18       |                  3.3                  |
| 0.30-0.50-0.30 |         4.6         |      246.2       |       12.01       |                  1.2                  |
|   0.30-0.50    |         4.1         |      188.5       |       10.11       |                  8.0                  |
| 0.30-0.50-0.40 |         4.4         |      230.6       |       11.28       |                  1.0                  |
| 0.50-0.50-0.40 |         1.6         |      267.6       |       13.49       |                  0.9                  |
| 0.40-0.50-0.10 |         4.1         |      291.5       |       14.44       |                  1.2                  |
|   0.40-0.25    |         4.6         |      226.7       |       12.94       |                  10.0                 |
| 0.40-0.50-0.30 |         3.2         |      264.9       |       12.87       |                  1.2                  |
| 0.10-0.50-0.30 |         6.6         |      230.1       |       10.37       |                  1.3                  |
| 0.10-0.50-0.50 |         5.7         |      230.3       |       10.41       |                  1.4                  |
| 0.50-0.50-0.50 |         3.6         |      301.4       |       14.71       |                  1.3                  |
| 0.20-0.50-0.40 |         3.8         |      215.8       |       10.46       |                  1.2                  |
| 0.20-0.50-0.10 |         4.2         |      228.8       |       10.71       |                  1.2                  |
+----------------+---------------------+------------------+-------------------+---------------------------------------+
2024-02-15 03:32:56.070 INFO: Saving model to checkpoints/MACE_run-123_swa.model
2024-02-15 03:32:56.108 INFO: Done
