2024-02-15 00:32:54.405 INFO: MACE version: 0.3.4
2024-02-15 00:32:54.405 INFO: Configuration: Namespace(name='MACE', seed=123, log_dir='logs', model_dir='.', checkpoints_dir='checkpoints', results_dir='results', downloads_dir='downloads', device='cuda', default_dtype='float32', log_level='INFO', error_table='PerAtomRMSE', model='MACE', r_max=5.0, radial_type='bessel', num_radial_basis=8, num_cutoff_basis=5, pair_repulsion=False, distance_transform=False, interaction='RealAgnosticResidualInteractionBlock', interaction_first='RealAgnosticResidualInteractionBlock', max_ell=3, correlation=3, num_interactions=2, MLP_irreps='16x0e', radial_MLP='[64, 64, 64]', hidden_irreps='128x0e + 128x1o', num_channels=None, max_L=None, gate='silu', scaling='rms_forces_scaling', avg_num_neighbors=1, compute_avg_num_neighbors=True, compute_stress=False, compute_forces=True, train_file='train-10.xyz', valid_file=None, valid_fraction=0.05, test_file='test-10.xyz', E0s='average', energy_key='QM_energy', forces_key='QM_forces', virials_key='virials', stress_key='None', dipole_key='dipole', charges_key='charges', loss='huber', forces_weight=1.0, swa_forces_weight=100.0, energy_weight=1.0, swa_energy_weight=1000.0, virials_weight=1.0, swa_virials_weight=10.0, stress_weight=0.0, swa_stress_weight=10.0, dipole_weight=1.0, swa_dipole_weight=1.0, config_type_weights='{"Default":1.0}', huber_delta=0.01, optimizer='adam', batch_size=30, valid_batch_size=10, lr=0.001, swa_lr=0.001, weight_decay=5e-07, amsgrad=True, scheduler='ReduceLROnPlateau', lr_factor=0.8, scheduler_patience=50, lr_scheduler_gamma=0.9993, swa=True, start_swa=250, ema=True, ema_decay=0.99, max_num_epochs=500, patience=2048, foundation_model='small', foundation_model_readout=True, eval_interval=2, keep_checkpoints=False, restart_latest=True, save_cpu=False, clip_grad=10.0, wandb=False, wandb_project='', wandb_entity='', wandb_name='', wandb_log_hypers=['num_channels', 'max_L', 'correlation', 'lr', 'swa_lr', 'weight_decay', 'batch_size', 'max_num_epochs', 'start_swa', 'energy_weight', 'forces_weight'])
2024-02-15 00:32:54.484 INFO: CUDA version: 12.1, CUDA device: 0
2024-02-15 00:32:54.649 INFO: Loaded 300 training configurations from 'train-10.xyz'
2024-02-15 00:32:54.649 INFO: Using random 5.0% of training set for validation
2024-02-15 00:32:54.738 INFO: Loaded 80 test configurations from 'test-10.xyz'
2024-02-15 00:32:54.738 INFO: Total number of configurations: train=285, valid=15, tests=[0.50-0.75: 2, 0.50-0.50-0.10: 2, 0.30-0.50-0.20: 2, 0.30-0.50: 3, 0.50-0.00: 4, 0.20-0.25: 4, 0.30-0.25: 4, 0.30-0.50-0.10: 2, 0.20-0.75: 1, 0.30-0.75: 4, 0.40-0.75: 3, 0.30-0.50-0.40: 1, 0.50-1.00: 1, 0.30-1.00: 5, 0.50-0.50: 1, 0.20-0.00: 4, 0.10-0.50-0.10: 2, 0.40-0.50-0.50: 1, 0.10-1.00: 4, 0.40-0.25: 5, 0.20-0.50: 3, 0.10-0.50-0.50: 1, 0.40-0.50-0.10: 1, 0.20-0.50-0.50: 2, 0.10-0.50-0.30: 1, 0.40-0.00: 2, 0.50-0.50-0.20: 2, 0.40-1.00: 1, 0.10-0.75: 1, 0.50-0.50-0.50: 1, 0.20-1.00: 2, 0.50-0.25: 1, 0.10-0.50-0.40: 2, 0.10-0.00: 1, 0.10-0.25: 1, 0.50-0.50-0.30: 1, 0.10-0.50-0.20: 1, 0.40-0.50-0.30: 1]
2024-02-15 00:32:54.742 INFO: AtomicNumberTable: (1, 6, 8)
2024-02-15 00:32:54.742 INFO: Atomic Energies not in training file, using command line argument E0s
2024-02-15 00:32:54.742 INFO: Computing average Atomic Energies using least squares regression
2024-02-15 00:32:54.743 INFO: Atomic energies: [-16.743489920909557, -157.50441102762505, -436.1916276661556]
2024-02-15 00:32:55.166 INFO: WeightedHuberEnergyForcesStressLoss(energy_weight=1.000, forces_weight=1.000, stress_weight=0.000)
2024-02-15 00:32:55.247 INFO: Average number of neighbors: 35.877620697021484
2024-02-15 00:32:55.247 INFO: Selected the following outputs: {'energy': True, 'forces': True, 'virials': True, 'stress': True, 'dipoles': False}
2024-02-15 00:32:55.247 INFO: Building model
2024-02-15 00:32:55.247 INFO: Using small mace-mp-0 settings. Hidden irreps: 128x0e
2024-02-15 00:32:56.343 INFO: CUDA version: 12.1, CUDA device: 0
2024-02-15 00:32:56.351 INFO: Using foundation model small as initial checkpoint.
2024-02-15 00:32:56.504 INFO: Using stochastic weight averaging (after 250 epochs) with energy weight : 1000.0, forces weight : 100.0 and learning rate : 0.001
2024-02-15 00:32:56.551 WARNING: Cannot find checkpoint with tag 'MACE_run-123' in 'checkpoints'
2024-02-15 00:32:56.551 INFO: ScaleShiftMACE(
  (node_embedding): LinearNodeEmbeddingBlock(
    (linear): Linear(3x0e -> 128x0e | 384 weights)
  )
  (radial_embedding): RadialEmbeddingBlock(
    (bessel_fn): BesselBasis(r_max=6.0, num_basis=10, trainable=False)
    (cutoff_fn): PolynomialCutoff(p=5.0, r_max=6.0)
  )
  (spherical_harmonics): SphericalHarmonics()
  (atomic_energies_fn): AtomicEnergiesBlock(energies=[-16.7435, -157.5044, -436.1916])
  (interactions): ModuleList(
    (0-1): 2 x RealAgnosticResidualInteractionBlock(
      (linear_up): Linear(128x0e -> 128x0e | 16384 weights)
      (conv_tp): TensorProduct(128x0e x 1x0e+1x1o+1x2e+1x3o -> 128x0e+128x1o+128x2e+128x3o | 512 paths | 512 weights)
      (conv_tp_weights): FullyConnectedNet[10, 64, 64, 64, 512]
      (linear): Linear(128x0e+128x1o+128x2e+128x3o -> 128x0e+128x1o+128x2e+128x3o | 65536 weights)
      (skip_tp): FullyConnectedTensorProduct(128x0e x 3x0e -> 128x0e | 49152 paths | 49152 weights)
      (reshape): reshape_irreps()
    )
  )
  (products): ModuleList(
    (0-1): 2 x EquivariantProductBasisBlock(
      (symmetric_contractions): SymmetricContraction(
        (contractions): ModuleList(
          (0): Contraction(
            (contractions_weighting): ModuleList(
              (0-1): 2 x GraphModule()
            )
            (contractions_features): ModuleList(
              (0-1): 2 x GraphModule()
            )
            (weights): ParameterList(
                (0): Parameter containing: [torch.float32 of size 3x4x128 (cuda:0)]
                (1): Parameter containing: [torch.float32 of size 3x1x128 (cuda:0)]
            )
            (graph_opt_main): GraphModule()
          )
        )
      )
      (linear): Linear(128x0e -> 128x0e | 16384 weights)
    )
  )
  (readouts): ModuleList(
    (0): LinearReadoutBlock(
      (linear): Linear(128x0e -> 1x0e | 128 weights)
    )
    (1): NonLinearReadoutBlock(
      (linear_1): Linear(128x0e -> 16x0e | 2048 weights)
      (non_linearity): Activation [x] (16x0e -> 16x0e)
      (linear_2): Linear(16x0e -> 1x0e | 16 weights)
    )
  )
  (scale_shift): ScaleShiftBlock(scale=0.804154, shift=-0.000560)
)
2024-02-15 00:32:56.552 INFO: Number of parameters: 402192
2024-02-15 00:32:56.552 INFO: Optimizer: Adam (
Parameter Group 0
    amsgrad: True
    betas: (0.9, 0.999)
    capturable: False
    differentiable: False
    eps: 1e-08
    foreach: None
    fused: None
    initial_lr: 0.001
    lr: 0.001
    maximize: False
    name: embedding
    swa_lr: 0.001
    weight_decay: 0.0

Parameter Group 1
    amsgrad: True
    betas: (0.9, 0.999)
    capturable: False
    differentiable: False
    eps: 1e-08
    foreach: None
    fused: None
    initial_lr: 0.001
    lr: 0.001
    maximize: False
    name: interactions_decay
    swa_lr: 0.001
    weight_decay: 5e-07

Parameter Group 2
    amsgrad: True
    betas: (0.9, 0.999)
    capturable: False
    differentiable: False
    eps: 1e-08
    foreach: None
    fused: None
    initial_lr: 0.001
    lr: 0.001
    maximize: False
    name: interactions_no_decay
    swa_lr: 0.001
    weight_decay: 0.0

Parameter Group 3
    amsgrad: True
    betas: (0.9, 0.999)
    capturable: False
    differentiable: False
    eps: 1e-08
    foreach: None
    fused: None
    initial_lr: 0.001
    lr: 0.001
    maximize: False
    name: products
    swa_lr: 0.001
    weight_decay: 5e-07

Parameter Group 4
    amsgrad: True
    betas: (0.9, 0.999)
    capturable: False
    differentiable: False
    eps: 1e-08
    foreach: None
    fused: None
    initial_lr: 0.001
    lr: 0.001
    maximize: False
    name: readouts
    swa_lr: 0.001
    weight_decay: 0.0

Parameter Group 5
    amsgrad: True
    betas: (0.9, 0.999)
    capturable: False
    differentiable: False
    eps: 1e-08
    foreach: None
    fused: None
    initial_lr: 0.001
    lr: 0.001
    maximize: False
    name: radial_embedding
    swa_lr: 0.001
    weight_decay: 0.0
)
2024-02-15 00:32:56.552 INFO: Using gradient clipping with tolerance=10.000
2024-02-15 00:32:56.552 INFO: Started training
2024-02-15 00:32:57.177 INFO: Epoch None: loss=0.0075, RMSE_E_per_atom=298.7 meV, RMSE_F=764.6 meV / A, RMSE_stress_per_atom=0.0 meV / A^3
2024-02-15 00:33:09.178 INFO: Epoch 0: loss=0.0050, RMSE_E_per_atom=142.8 meV, RMSE_F=568.9 meV / A, RMSE_stress_per_atom=0.0 meV / A^3
2024-02-15 00:33:20.062 INFO: Epoch 2: loss=0.0036, RMSE_E_per_atom=41.4 meV, RMSE_F=488.4 meV / A, RMSE_stress_per_atom=0.0 meV / A^3
2024-02-15 00:33:30.352 INFO: Epoch 4: loss=0.0032, RMSE_E_per_atom=29.4 meV, RMSE_F=452.3 meV / A, RMSE_stress_per_atom=0.0 meV / A^3
2024-02-15 00:33:40.628 INFO: Epoch 6: loss=0.0030, RMSE_E_per_atom=26.3 meV, RMSE_F=431.6 meV / A, RMSE_stress_per_atom=0.0 meV / A^3
2024-02-15 00:33:50.982 INFO: Epoch 8: loss=0.0029, RMSE_E_per_atom=23.5 meV, RMSE_F=416.3 meV / A, RMSE_stress_per_atom=0.0 meV / A^3
2024-02-15 00:34:01.351 INFO: Epoch 10: loss=0.0028, RMSE_E_per_atom=21.8 meV, RMSE_F=404.1 meV / A, RMSE_stress_per_atom=0.0 meV / A^3
2024-02-15 00:34:11.727 INFO: Epoch 12: loss=0.0027, RMSE_E_per_atom=21.2 meV, RMSE_F=394.5 meV / A, RMSE_stress_per_atom=0.0 meV / A^3
2024-02-15 00:34:22.080 INFO: Epoch 14: loss=0.0026, RMSE_E_per_atom=19.4 meV, RMSE_F=387.1 meV / A, RMSE_stress_per_atom=0.0 meV / A^3
2024-02-15 00:34:32.501 INFO: Epoch 16: loss=0.0026, RMSE_E_per_atom=19.2 meV, RMSE_F=380.1 meV / A, RMSE_stress_per_atom=0.0 meV / A^3
2024-02-15 00:34:42.864 INFO: Epoch 18: loss=0.0025, RMSE_E_per_atom=18.3 meV, RMSE_F=374.6 meV / A, RMSE_stress_per_atom=0.0 meV / A^3
2024-02-15 00:34:53.225 INFO: Epoch 20: loss=0.0025, RMSE_E_per_atom=17.3 meV, RMSE_F=369.2 meV / A, RMSE_stress_per_atom=0.0 meV / A^3
2024-02-15 00:35:03.610 INFO: Epoch 22: loss=0.0025, RMSE_E_per_atom=17.1 meV, RMSE_F=364.7 meV / A, RMSE_stress_per_atom=0.0 meV / A^3
2024-02-15 00:35:14.014 INFO: Epoch 24: loss=0.0024, RMSE_E_per_atom=15.9 meV, RMSE_F=360.9 meV / A, RMSE_stress_per_atom=0.0 meV / A^3
2024-02-15 00:35:24.449 INFO: Epoch 26: loss=0.0024, RMSE_E_per_atom=15.2 meV, RMSE_F=357.3 meV / A, RMSE_stress_per_atom=0.0 meV / A^3
2024-02-15 00:35:34.918 INFO: Epoch 28: loss=0.0024, RMSE_E_per_atom=14.6 meV, RMSE_F=353.8 meV / A, RMSE_stress_per_atom=0.0 meV / A^3
2024-02-15 00:35:45.302 INFO: Epoch 30: loss=0.0024, RMSE_E_per_atom=14.2 meV, RMSE_F=350.9 meV / A, RMSE_stress_per_atom=0.0 meV / A^3
2024-02-15 00:35:55.740 INFO: Epoch 32: loss=0.0023, RMSE_E_per_atom=13.8 meV, RMSE_F=348.4 meV / A, RMSE_stress_per_atom=0.0 meV / A^3
2024-02-15 00:36:06.194 INFO: Epoch 34: loss=0.0023, RMSE_E_per_atom=13.2 meV, RMSE_F=345.9 meV / A, RMSE_stress_per_atom=0.0 meV / A^3
2024-02-15 00:36:16.598 INFO: Epoch 36: loss=0.0023, RMSE_E_per_atom=12.7 meV, RMSE_F=343.4 meV / A, RMSE_stress_per_atom=0.0 meV / A^3
2024-02-15 00:36:27.030 INFO: Epoch 38: loss=0.0023, RMSE_E_per_atom=12.4 meV, RMSE_F=341.3 meV / A, RMSE_stress_per_atom=0.0 meV / A^3
2024-02-15 00:36:37.468 INFO: Epoch 40: loss=0.0023, RMSE_E_per_atom=12.3 meV, RMSE_F=339.2 meV / A, RMSE_stress_per_atom=0.0 meV / A^3
2024-02-15 00:36:47.901 INFO: Epoch 42: loss=0.0022, RMSE_E_per_atom=12.5 meV, RMSE_F=337.2 meV / A, RMSE_stress_per_atom=0.0 meV / A^3
2024-02-15 00:36:58.325 INFO: Epoch 44: loss=0.0022, RMSE_E_per_atom=12.5 meV, RMSE_F=335.4 meV / A, RMSE_stress_per_atom=0.0 meV / A^3
2024-02-15 00:37:08.749 INFO: Epoch 46: loss=0.0022, RMSE_E_per_atom=12.3 meV, RMSE_F=333.8 meV / A, RMSE_stress_per_atom=0.0 meV / A^3
2024-02-15 00:37:19.180 INFO: Epoch 48: loss=0.0022, RMSE_E_per_atom=12.0 meV, RMSE_F=332.3 meV / A, RMSE_stress_per_atom=0.0 meV / A^3
2024-02-15 00:37:29.605 INFO: Epoch 50: loss=0.0022, RMSE_E_per_atom=11.7 meV, RMSE_F=330.9 meV / A, RMSE_stress_per_atom=0.0 meV / A^3
2024-02-15 00:37:40.050 INFO: Epoch 52: loss=0.0022, RMSE_E_per_atom=11.3 meV, RMSE_F=329.5 meV / A, RMSE_stress_per_atom=0.0 meV / A^3
2024-02-15 00:37:50.506 INFO: Epoch 54: loss=0.0022, RMSE_E_per_atom=11.4 meV, RMSE_F=328.0 meV / A, RMSE_stress_per_atom=0.0 meV / A^3
2024-02-15 00:38:00.914 INFO: Epoch 56: loss=0.0022, RMSE_E_per_atom=11.5 meV, RMSE_F=326.7 meV / A, RMSE_stress_per_atom=0.0 meV / A^3
2024-02-15 00:38:11.330 INFO: Epoch 58: loss=0.0022, RMSE_E_per_atom=11.4 meV, RMSE_F=325.6 meV / A, RMSE_stress_per_atom=0.0 meV / A^3
2024-02-15 00:38:21.757 INFO: Epoch 60: loss=0.0021, RMSE_E_per_atom=11.3 meV, RMSE_F=324.6 meV / A, RMSE_stress_per_atom=0.0 meV / A^3
2024-02-15 00:38:32.205 INFO: Epoch 62: loss=0.0021, RMSE_E_per_atom=11.0 meV, RMSE_F=323.5 meV / A, RMSE_stress_per_atom=0.0 meV / A^3
2024-02-15 00:38:42.664 INFO: Epoch 64: loss=0.0021, RMSE_E_per_atom=10.8 meV, RMSE_F=322.4 meV / A, RMSE_stress_per_atom=0.0 meV / A^3
2024-02-15 00:38:53.117 INFO: Epoch 66: loss=0.0021, RMSE_E_per_atom=10.6 meV, RMSE_F=321.2 meV / A, RMSE_stress_per_atom=0.0 meV / A^3
2024-02-15 00:39:03.565 INFO: Epoch 68: loss=0.0021, RMSE_E_per_atom=10.8 meV, RMSE_F=320.1 meV / A, RMSE_stress_per_atom=0.0 meV / A^3
2024-02-15 00:39:14.017 INFO: Epoch 70: loss=0.0021, RMSE_E_per_atom=10.9 meV, RMSE_F=319.2 meV / A, RMSE_stress_per_atom=0.0 meV / A^3
2024-02-15 00:39:24.469 INFO: Epoch 72: loss=0.0021, RMSE_E_per_atom=10.7 meV, RMSE_F=318.3 meV / A, RMSE_stress_per_atom=0.0 meV / A^3
2024-02-15 00:39:34.918 INFO: Epoch 74: loss=0.0021, RMSE_E_per_atom=10.4 meV, RMSE_F=317.4 meV / A, RMSE_stress_per_atom=0.0 meV / A^3
2024-02-15 00:39:45.346 INFO: Epoch 76: loss=0.0021, RMSE_E_per_atom=10.5 meV, RMSE_F=316.5 meV / A, RMSE_stress_per_atom=0.0 meV / A^3
2024-02-15 00:39:55.780 INFO: Epoch 78: loss=0.0021, RMSE_E_per_atom=10.5 meV, RMSE_F=315.7 meV / A, RMSE_stress_per_atom=0.0 meV / A^3
2024-02-15 00:40:06.208 INFO: Epoch 80: loss=0.0021, RMSE_E_per_atom=10.6 meV, RMSE_F=314.9 meV / A, RMSE_stress_per_atom=0.0 meV / A^3
2024-02-15 00:40:16.619 INFO: Epoch 82: loss=0.0021, RMSE_E_per_atom=10.5 meV, RMSE_F=314.0 meV / A, RMSE_stress_per_atom=0.0 meV / A^3
2024-02-15 00:40:27.038 INFO: Epoch 84: loss=0.0021, RMSE_E_per_atom=10.4 meV, RMSE_F=313.4 meV / A, RMSE_stress_per_atom=0.0 meV / A^3
2024-02-15 00:40:37.505 INFO: Epoch 86: loss=0.0021, RMSE_E_per_atom=10.2 meV, RMSE_F=312.7 meV / A, RMSE_stress_per_atom=0.0 meV / A^3
2024-02-15 00:40:47.916 INFO: Epoch 88: loss=0.0021, RMSE_E_per_atom=10.2 meV, RMSE_F=312.0 meV / A, RMSE_stress_per_atom=0.0 meV / A^3
2024-02-15 00:40:58.382 INFO: Epoch 90: loss=0.0020, RMSE_E_per_atom=10.0 meV, RMSE_F=311.4 meV / A, RMSE_stress_per_atom=0.0 meV / A^3
2024-02-15 00:41:08.866 INFO: Epoch 92: loss=0.0020, RMSE_E_per_atom=9.8 meV, RMSE_F=310.7 meV / A, RMSE_stress_per_atom=0.0 meV / A^3
2024-02-15 00:41:19.328 INFO: Epoch 94: loss=0.0020, RMSE_E_per_atom=9.6 meV, RMSE_F=310.1 meV / A, RMSE_stress_per_atom=0.0 meV / A^3
2024-02-15 00:41:29.776 INFO: Epoch 96: loss=0.0020, RMSE_E_per_atom=9.8 meV, RMSE_F=309.5 meV / A, RMSE_stress_per_atom=0.0 meV / A^3
2024-02-15 00:41:40.216 INFO: Epoch 98: loss=0.0020, RMSE_E_per_atom=9.8 meV, RMSE_F=308.9 meV / A, RMSE_stress_per_atom=0.0 meV / A^3
2024-02-15 00:41:50.696 INFO: Epoch 100: loss=0.0020, RMSE_E_per_atom=9.6 meV, RMSE_F=308.3 meV / A, RMSE_stress_per_atom=0.0 meV / A^3
2024-02-15 00:42:01.158 INFO: Epoch 102: loss=0.0020, RMSE_E_per_atom=9.4 meV, RMSE_F=307.7 meV / A, RMSE_stress_per_atom=0.0 meV / A^3
2024-02-15 00:42:11.598 INFO: Epoch 104: loss=0.0020, RMSE_E_per_atom=9.2 meV, RMSE_F=307.1 meV / A, RMSE_stress_per_atom=0.0 meV / A^3
2024-02-15 00:42:22.079 INFO: Epoch 106: loss=0.0020, RMSE_E_per_atom=9.1 meV, RMSE_F=306.5 meV / A, RMSE_stress_per_atom=0.0 meV / A^3
2024-02-15 00:42:32.476 INFO: Epoch 108: loss=0.0020, RMSE_E_per_atom=8.9 meV, RMSE_F=306.0 meV / A, RMSE_stress_per_atom=0.0 meV / A^3
2024-02-15 00:42:42.872 INFO: Epoch 110: loss=0.0020, RMSE_E_per_atom=8.9 meV, RMSE_F=305.4 meV / A, RMSE_stress_per_atom=0.0 meV / A^3
2024-02-15 00:42:53.456 INFO: Epoch 112: loss=0.0020, RMSE_E_per_atom=8.7 meV, RMSE_F=304.8 meV / A, RMSE_stress_per_atom=0.0 meV / A^3
2024-02-15 00:43:03.917 INFO: Epoch 114: loss=0.0020, RMSE_E_per_atom=8.6 meV, RMSE_F=304.3 meV / A, RMSE_stress_per_atom=0.0 meV / A^3
2024-02-15 00:43:14.370 INFO: Epoch 116: loss=0.0020, RMSE_E_per_atom=8.5 meV, RMSE_F=303.8 meV / A, RMSE_stress_per_atom=0.0 meV / A^3
2024-02-15 00:43:24.801 INFO: Epoch 118: loss=0.0020, RMSE_E_per_atom=8.4 meV, RMSE_F=303.3 meV / A, RMSE_stress_per_atom=0.0 meV / A^3
2024-02-15 00:43:35.257 INFO: Epoch 120: loss=0.0020, RMSE_E_per_atom=8.3 meV, RMSE_F=302.8 meV / A, RMSE_stress_per_atom=0.0 meV / A^3
2024-02-15 00:43:45.721 INFO: Epoch 122: loss=0.0020, RMSE_E_per_atom=8.2 meV, RMSE_F=302.3 meV / A, RMSE_stress_per_atom=0.0 meV / A^3
2024-02-15 00:43:56.122 INFO: Epoch 124: loss=0.0020, RMSE_E_per_atom=8.1 meV, RMSE_F=301.8 meV / A, RMSE_stress_per_atom=0.0 meV / A^3
2024-02-15 00:44:06.567 INFO: Epoch 126: loss=0.0020, RMSE_E_per_atom=8.2 meV, RMSE_F=301.3 meV / A, RMSE_stress_per_atom=0.0 meV / A^3
2024-02-15 00:44:16.990 INFO: Epoch 128: loss=0.0020, RMSE_E_per_atom=8.2 meV, RMSE_F=300.9 meV / A, RMSE_stress_per_atom=0.0 meV / A^3
2024-02-15 00:44:27.449 INFO: Epoch 130: loss=0.0020, RMSE_E_per_atom=8.3 meV, RMSE_F=300.4 meV / A, RMSE_stress_per_atom=0.0 meV / A^3
2024-02-15 00:44:37.908 INFO: Epoch 132: loss=0.0020, RMSE_E_per_atom=8.4 meV, RMSE_F=299.9 meV / A, RMSE_stress_per_atom=0.0 meV / A^3
2024-02-15 00:44:48.386 INFO: Epoch 134: loss=0.0020, RMSE_E_per_atom=8.2 meV, RMSE_F=299.2 meV / A, RMSE_stress_per_atom=0.0 meV / A^3
2024-02-15 00:44:58.855 INFO: Epoch 136: loss=0.0020, RMSE_E_per_atom=8.4 meV, RMSE_F=298.7 meV / A, RMSE_stress_per_atom=0.0 meV / A^3
2024-02-15 00:45:09.309 INFO: Epoch 138: loss=0.0019, RMSE_E_per_atom=8.6 meV, RMSE_F=298.2 meV / A, RMSE_stress_per_atom=0.0 meV / A^3
2024-02-15 00:45:19.779 INFO: Epoch 140: loss=0.0019, RMSE_E_per_atom=8.6 meV, RMSE_F=297.9 meV / A, RMSE_stress_per_atom=0.0 meV / A^3
2024-02-15 00:45:30.174 INFO: Epoch 142: loss=0.0019, RMSE_E_per_atom=8.6 meV, RMSE_F=297.5 meV / A, RMSE_stress_per_atom=0.0 meV / A^3
2024-02-15 00:45:40.589 INFO: Epoch 144: loss=0.0019, RMSE_E_per_atom=8.4 meV, RMSE_F=297.1 meV / A, RMSE_stress_per_atom=0.0 meV / A^3
2024-02-15 00:45:51.066 INFO: Epoch 146: loss=0.0019, RMSE_E_per_atom=8.2 meV, RMSE_F=296.8 meV / A, RMSE_stress_per_atom=0.0 meV / A^3
2024-02-15 00:46:01.501 INFO: Epoch 148: loss=0.0019, RMSE_E_per_atom=8.1 meV, RMSE_F=296.5 meV / A, RMSE_stress_per_atom=0.0 meV / A^3
2024-02-15 00:46:11.953 INFO: Epoch 150: loss=0.0019, RMSE_E_per_atom=8.0 meV, RMSE_F=296.2 meV / A, RMSE_stress_per_atom=0.0 meV / A^3
2024-02-15 00:46:22.402 INFO: Epoch 152: loss=0.0019, RMSE_E_per_atom=8.0 meV, RMSE_F=295.9 meV / A, RMSE_stress_per_atom=0.0 meV / A^3
2024-02-15 00:46:32.871 INFO: Epoch 154: loss=0.0019, RMSE_E_per_atom=8.0 meV, RMSE_F=295.6 meV / A, RMSE_stress_per_atom=0.0 meV / A^3
2024-02-15 00:46:43.341 INFO: Epoch 156: loss=0.0019, RMSE_E_per_atom=8.0 meV, RMSE_F=295.2 meV / A, RMSE_stress_per_atom=0.0 meV / A^3
2024-02-15 00:46:53.783 INFO: Epoch 158: loss=0.0019, RMSE_E_per_atom=7.9 meV, RMSE_F=294.8 meV / A, RMSE_stress_per_atom=0.0 meV / A^3
2024-02-15 00:47:04.250 INFO: Epoch 160: loss=0.0019, RMSE_E_per_atom=7.9 meV, RMSE_F=294.5 meV / A, RMSE_stress_per_atom=0.0 meV / A^3
2024-02-15 00:47:14.709 INFO: Epoch 162: loss=0.0019, RMSE_E_per_atom=7.8 meV, RMSE_F=294.2 meV / A, RMSE_stress_per_atom=0.0 meV / A^3
2024-02-15 00:47:25.154 INFO: Epoch 164: loss=0.0019, RMSE_E_per_atom=7.7 meV, RMSE_F=293.9 meV / A, RMSE_stress_per_atom=0.0 meV / A^3
2024-02-15 00:47:35.596 INFO: Epoch 166: loss=0.0019, RMSE_E_per_atom=7.9 meV, RMSE_F=293.6 meV / A, RMSE_stress_per_atom=0.0 meV / A^3
2024-02-15 00:47:46.040 INFO: Epoch 168: loss=0.0019, RMSE_E_per_atom=8.0 meV, RMSE_F=293.3 meV / A, RMSE_stress_per_atom=0.0 meV / A^3
2024-02-15 00:47:56.459 INFO: Epoch 170: loss=0.0019, RMSE_E_per_atom=7.8 meV, RMSE_F=293.0 meV / A, RMSE_stress_per_atom=0.0 meV / A^3
2024-02-15 00:48:06.885 INFO: Epoch 172: loss=0.0019, RMSE_E_per_atom=7.7 meV, RMSE_F=292.7 meV / A, RMSE_stress_per_atom=0.0 meV / A^3
2024-02-15 00:48:17.323 INFO: Epoch 174: loss=0.0019, RMSE_E_per_atom=7.8 meV, RMSE_F=292.4 meV / A, RMSE_stress_per_atom=0.0 meV / A^3
2024-02-15 00:48:27.817 INFO: Epoch 176: loss=0.0019, RMSE_E_per_atom=7.6 meV, RMSE_F=292.2 meV / A, RMSE_stress_per_atom=0.0 meV / A^3
2024-02-15 00:48:38.218 INFO: Epoch 178: loss=0.0019, RMSE_E_per_atom=7.4 meV, RMSE_F=291.9 meV / A, RMSE_stress_per_atom=0.0 meV / A^3
2024-02-15 00:48:48.685 INFO: Epoch 180: loss=0.0019, RMSE_E_per_atom=7.3 meV, RMSE_F=291.6 meV / A, RMSE_stress_per_atom=0.0 meV / A^3
2024-02-15 00:48:59.155 INFO: Epoch 182: loss=0.0019, RMSE_E_per_atom=7.2 meV, RMSE_F=291.3 meV / A, RMSE_stress_per_atom=0.0 meV / A^3
2024-02-15 00:49:09.562 INFO: Epoch 184: loss=0.0019, RMSE_E_per_atom=7.3 meV, RMSE_F=291.0 meV / A, RMSE_stress_per_atom=0.0 meV / A^3
2024-02-15 00:49:20.038 INFO: Epoch 186: loss=0.0019, RMSE_E_per_atom=7.4 meV, RMSE_F=290.8 meV / A, RMSE_stress_per_atom=0.0 meV / A^3
2024-02-15 00:49:30.468 INFO: Epoch 188: loss=0.0019, RMSE_E_per_atom=7.4 meV, RMSE_F=290.4 meV / A, RMSE_stress_per_atom=0.0 meV / A^3
2024-02-15 00:49:40.932 INFO: Epoch 190: loss=0.0019, RMSE_E_per_atom=7.4 meV, RMSE_F=290.1 meV / A, RMSE_stress_per_atom=0.0 meV / A^3
2024-02-15 00:49:51.366 INFO: Epoch 192: loss=0.0019, RMSE_E_per_atom=7.2 meV, RMSE_F=289.9 meV / A, RMSE_stress_per_atom=0.0 meV / A^3
2024-02-15 00:50:01.797 INFO: Epoch 194: loss=0.0019, RMSE_E_per_atom=7.1 meV, RMSE_F=289.6 meV / A, RMSE_stress_per_atom=0.0 meV / A^3
2024-02-15 00:50:12.275 INFO: Epoch 196: loss=0.0019, RMSE_E_per_atom=7.2 meV, RMSE_F=289.4 meV / A, RMSE_stress_per_atom=0.0 meV / A^3
2024-02-15 00:50:22.716 INFO: Epoch 198: loss=0.0019, RMSE_E_per_atom=7.3 meV, RMSE_F=289.2 meV / A, RMSE_stress_per_atom=0.0 meV / A^3
2024-02-15 00:50:33.203 INFO: Epoch 200: loss=0.0019, RMSE_E_per_atom=7.5 meV, RMSE_F=288.9 meV / A, RMSE_stress_per_atom=0.0 meV / A^3
2024-02-15 00:50:43.684 INFO: Epoch 202: loss=0.0019, RMSE_E_per_atom=7.6 meV, RMSE_F=288.6 meV / A, RMSE_stress_per_atom=0.0 meV / A^3
2024-02-15 00:50:54.121 INFO: Epoch 204: loss=0.0019, RMSE_E_per_atom=7.5 meV, RMSE_F=288.4 meV / A, RMSE_stress_per_atom=0.0 meV / A^3
2024-02-15 00:51:04.546 INFO: Epoch 206: loss=0.0019, RMSE_E_per_atom=7.4 meV, RMSE_F=288.3 meV / A, RMSE_stress_per_atom=0.0 meV / A^3
2024-02-15 00:51:15.002 INFO: Epoch 208: loss=0.0019, RMSE_E_per_atom=7.3 meV, RMSE_F=288.1 meV / A, RMSE_stress_per_atom=0.0 meV / A^3
2024-02-15 00:51:25.437 INFO: Epoch 210: loss=0.0019, RMSE_E_per_atom=7.1 meV, RMSE_F=287.9 meV / A, RMSE_stress_per_atom=0.0 meV / A^3
2024-02-15 00:51:35.845 INFO: Epoch 212: loss=0.0019, RMSE_E_per_atom=7.0 meV, RMSE_F=287.7 meV / A, RMSE_stress_per_atom=0.0 meV / A^3
2024-02-15 00:51:46.278 INFO: Epoch 214: loss=0.0019, RMSE_E_per_atom=6.8 meV, RMSE_F=287.5 meV / A, RMSE_stress_per_atom=0.0 meV / A^3
2024-02-15 00:51:56.703 INFO: Epoch 216: loss=0.0019, RMSE_E_per_atom=6.9 meV, RMSE_F=287.4 meV / A, RMSE_stress_per_atom=0.0 meV / A^3
2024-02-15 00:52:07.142 INFO: Epoch 218: loss=0.0019, RMSE_E_per_atom=6.8 meV, RMSE_F=287.2 meV / A, RMSE_stress_per_atom=0.0 meV / A^3
2024-02-15 00:52:17.547 INFO: Epoch 220: loss=0.0019, RMSE_E_per_atom=7.1 meV, RMSE_F=287.0 meV / A, RMSE_stress_per_atom=0.0 meV / A^3
2024-02-15 00:52:27.967 INFO: Epoch 222: loss=0.0019, RMSE_E_per_atom=7.0 meV, RMSE_F=286.8 meV / A, RMSE_stress_per_atom=0.0 meV / A^3
2024-02-15 00:52:38.368 INFO: Epoch 224: loss=0.0019, RMSE_E_per_atom=6.9 meV, RMSE_F=286.7 meV / A, RMSE_stress_per_atom=0.0 meV / A^3
2024-02-15 00:52:48.783 INFO: Epoch 226: loss=0.0019, RMSE_E_per_atom=6.8 meV, RMSE_F=286.5 meV / A, RMSE_stress_per_atom=0.0 meV / A^3
2024-02-15 00:52:59.219 INFO: Epoch 228: loss=0.0019, RMSE_E_per_atom=6.7 meV, RMSE_F=286.4 meV / A, RMSE_stress_per_atom=0.0 meV / A^3
2024-02-15 00:53:09.638 INFO: Epoch 230: loss=0.0019, RMSE_E_per_atom=6.6 meV, RMSE_F=286.2 meV / A, RMSE_stress_per_atom=0.0 meV / A^3
2024-02-15 00:53:20.092 INFO: Epoch 232: loss=0.0018, RMSE_E_per_atom=6.8 meV, RMSE_F=286.0 meV / A, RMSE_stress_per_atom=0.0 meV / A^3
2024-02-15 00:53:30.549 INFO: Epoch 234: loss=0.0018, RMSE_E_per_atom=6.8 meV, RMSE_F=285.7 meV / A, RMSE_stress_per_atom=0.0 meV / A^3
2024-02-15 00:53:40.986 INFO: Epoch 236: loss=0.0018, RMSE_E_per_atom=6.8 meV, RMSE_F=285.6 meV / A, RMSE_stress_per_atom=0.0 meV / A^3
2024-02-15 00:53:51.413 INFO: Epoch 238: loss=0.0018, RMSE_E_per_atom=6.6 meV, RMSE_F=285.4 meV / A, RMSE_stress_per_atom=0.0 meV / A^3
2024-02-15 00:54:01.841 INFO: Epoch 240: loss=0.0018, RMSE_E_per_atom=6.5 meV, RMSE_F=285.3 meV / A, RMSE_stress_per_atom=0.0 meV / A^3
2024-02-15 00:54:12.284 INFO: Epoch 242: loss=0.0018, RMSE_E_per_atom=6.5 meV, RMSE_F=285.1 meV / A, RMSE_stress_per_atom=0.0 meV / A^3
2024-02-15 00:54:22.738 INFO: Epoch 244: loss=0.0018, RMSE_E_per_atom=6.5 meV, RMSE_F=284.9 meV / A, RMSE_stress_per_atom=0.0 meV / A^3
2024-02-15 00:54:33.196 INFO: Epoch 246: loss=0.0018, RMSE_E_per_atom=6.6 meV, RMSE_F=284.7 meV / A, RMSE_stress_per_atom=0.0 meV / A^3
2024-02-15 00:54:43.643 INFO: Epoch 248: loss=0.0018, RMSE_E_per_atom=6.7 meV, RMSE_F=284.6 meV / A, RMSE_stress_per_atom=0.0 meV / A^3
2024-02-15 00:54:48.827 INFO: Changing loss based on SWA
2024-02-15 00:54:54.149 INFO: Epoch 250: loss=7.8463, RMSE_E_per_atom=8.4 meV, RMSE_F=287.8 meV / A, RMSE_stress_per_atom=0.0 meV / A^3
2024-02-15 00:55:04.617 INFO: Epoch 252: loss=8.2057, RMSE_E_per_atom=12.6 meV, RMSE_F=292.7 meV / A, RMSE_stress_per_atom=0.0 meV / A^3
2024-02-15 00:55:15.035 INFO: Epoch 254: loss=8.2662, RMSE_E_per_atom=12.0 meV, RMSE_F=293.7 meV / A, RMSE_stress_per_atom=0.0 meV / A^3
2024-02-15 00:55:25.446 INFO: Epoch 256: loss=8.2289, RMSE_E_per_atom=11.7 meV, RMSE_F=293.0 meV / A, RMSE_stress_per_atom=0.0 meV / A^3
2024-02-15 00:55:35.878 INFO: Epoch 258: loss=8.1200, RMSE_E_per_atom=11.1 meV, RMSE_F=291.1 meV / A, RMSE_stress_per_atom=0.0 meV / A^3
2024-02-15 00:55:46.319 INFO: Epoch 260: loss=8.0028, RMSE_E_per_atom=10.8 meV, RMSE_F=289.0 meV / A, RMSE_stress_per_atom=0.0 meV / A^3
2024-02-15 00:55:56.774 INFO: Epoch 262: loss=7.8820, RMSE_E_per_atom=10.5 meV, RMSE_F=286.7 meV / A, RMSE_stress_per_atom=0.0 meV / A^3
2024-02-15 00:56:07.189 INFO: Epoch 264: loss=7.7690, RMSE_E_per_atom=10.2 meV, RMSE_F=284.7 meV / A, RMSE_stress_per_atom=0.0 meV / A^3
2024-02-15 00:56:17.665 INFO: Epoch 266: loss=7.6619, RMSE_E_per_atom=10.1 meV, RMSE_F=282.6 meV / A, RMSE_stress_per_atom=0.0 meV / A^3
2024-02-15 00:56:28.131 INFO: Epoch 268: loss=7.5704, RMSE_E_per_atom=9.8 meV, RMSE_F=280.9 meV / A, RMSE_stress_per_atom=0.0 meV / A^3
2024-02-15 00:56:38.596 INFO: Epoch 270: loss=7.4799, RMSE_E_per_atom=9.7 meV, RMSE_F=279.1 meV / A, RMSE_stress_per_atom=0.0 meV / A^3
2024-02-15 00:56:49.088 INFO: Epoch 272: loss=7.4131, RMSE_E_per_atom=9.5 meV, RMSE_F=277.9 meV / A, RMSE_stress_per_atom=0.0 meV / A^3
2024-02-15 00:56:59.521 INFO: Epoch 274: loss=7.3551, RMSE_E_per_atom=9.4 meV, RMSE_F=276.9 meV / A, RMSE_stress_per_atom=0.0 meV / A^3
2024-02-15 00:57:10.013 INFO: Epoch 276: loss=7.3011, RMSE_E_per_atom=9.2 meV, RMSE_F=275.9 meV / A, RMSE_stress_per_atom=0.0 meV / A^3
2024-02-15 00:57:20.475 INFO: Epoch 278: loss=7.2480, RMSE_E_per_atom=9.1 meV, RMSE_F=274.9 meV / A, RMSE_stress_per_atom=0.0 meV / A^3
2024-02-15 00:57:30.952 INFO: Epoch 280: loss=7.2049, RMSE_E_per_atom=9.0 meV, RMSE_F=274.2 meV / A, RMSE_stress_per_atom=0.0 meV / A^3
2024-02-15 00:57:41.353 INFO: Epoch 282: loss=7.1609, RMSE_E_per_atom=8.8 meV, RMSE_F=273.4 meV / A, RMSE_stress_per_atom=0.0 meV / A^3
2024-02-15 00:57:51.792 INFO: Epoch 284: loss=7.1214, RMSE_E_per_atom=8.7 meV, RMSE_F=272.7 meV / A, RMSE_stress_per_atom=0.0 meV / A^3
2024-02-15 00:58:02.278 INFO: Epoch 286: loss=7.0886, RMSE_E_per_atom=8.5 meV, RMSE_F=272.1 meV / A, RMSE_stress_per_atom=0.0 meV / A^3
2024-02-15 00:58:12.754 INFO: Epoch 288: loss=7.0544, RMSE_E_per_atom=8.4 meV, RMSE_F=271.5 meV / A, RMSE_stress_per_atom=0.0 meV / A^3
2024-02-15 00:58:23.201 INFO: Epoch 290: loss=7.0248, RMSE_E_per_atom=8.3 meV, RMSE_F=271.0 meV / A, RMSE_stress_per_atom=0.0 meV / A^3
2024-02-15 00:58:33.672 INFO: Epoch 292: loss=7.0009, RMSE_E_per_atom=8.2 meV, RMSE_F=270.6 meV / A, RMSE_stress_per_atom=0.0 meV / A^3
2024-02-15 00:58:44.164 INFO: Epoch 294: loss=6.9727, RMSE_E_per_atom=8.2 meV, RMSE_F=270.1 meV / A, RMSE_stress_per_atom=0.0 meV / A^3
2024-02-15 00:58:54.610 INFO: Epoch 296: loss=6.9514, RMSE_E_per_atom=8.0 meV, RMSE_F=269.8 meV / A, RMSE_stress_per_atom=0.0 meV / A^3
2024-02-15 00:59:05.053 INFO: Epoch 298: loss=6.9338, RMSE_E_per_atom=7.9 meV, RMSE_F=269.5 meV / A, RMSE_stress_per_atom=0.0 meV / A^3
2024-02-15 00:59:15.468 INFO: Epoch 300: loss=6.9179, RMSE_E_per_atom=8.0 meV, RMSE_F=269.2 meV / A, RMSE_stress_per_atom=0.0 meV / A^3
2024-02-15 00:59:25.912 INFO: Epoch 302: loss=6.9021, RMSE_E_per_atom=7.9 meV, RMSE_F=268.9 meV / A, RMSE_stress_per_atom=0.0 meV / A^3
2024-02-15 00:59:36.342 INFO: Epoch 304: loss=6.8893, RMSE_E_per_atom=8.0 meV, RMSE_F=268.7 meV / A, RMSE_stress_per_atom=0.0 meV / A^3
2024-02-15 00:59:46.788 INFO: Epoch 306: loss=6.8776, RMSE_E_per_atom=7.9 meV, RMSE_F=268.5 meV / A, RMSE_stress_per_atom=0.0 meV / A^3
2024-02-15 00:59:57.207 INFO: Epoch 308: loss=6.8637, RMSE_E_per_atom=7.8 meV, RMSE_F=268.3 meV / A, RMSE_stress_per_atom=0.0 meV / A^3
2024-02-15 01:00:07.640 INFO: Epoch 310: loss=6.8540, RMSE_E_per_atom=7.7 meV, RMSE_F=268.1 meV / A, RMSE_stress_per_atom=0.0 meV / A^3
2024-02-15 01:00:18.088 INFO: Epoch 312: loss=6.8450, RMSE_E_per_atom=7.6 meV, RMSE_F=268.0 meV / A, RMSE_stress_per_atom=0.0 meV / A^3
2024-02-15 01:00:28.589 INFO: Epoch 314: loss=6.8349, RMSE_E_per_atom=7.6 meV, RMSE_F=267.8 meV / A, RMSE_stress_per_atom=0.0 meV / A^3
2024-02-15 01:00:39.053 INFO: Epoch 316: loss=6.8275, RMSE_E_per_atom=7.4 meV, RMSE_F=267.7 meV / A, RMSE_stress_per_atom=0.0 meV / A^3
2024-02-15 01:00:49.473 INFO: Epoch 318: loss=6.8216, RMSE_E_per_atom=7.4 meV, RMSE_F=267.6 meV / A, RMSE_stress_per_atom=0.0 meV / A^3
2024-02-15 01:00:59.929 INFO: Epoch 320: loss=6.8122, RMSE_E_per_atom=7.3 meV, RMSE_F=267.5 meV / A, RMSE_stress_per_atom=0.0 meV / A^3
2024-02-15 01:01:10.393 INFO: Epoch 322: loss=6.8066, RMSE_E_per_atom=7.3 meV, RMSE_F=267.4 meV / A, RMSE_stress_per_atom=0.0 meV / A^3
2024-02-15 01:01:20.825 INFO: Epoch 324: loss=6.8025, RMSE_E_per_atom=7.3 meV, RMSE_F=267.3 meV / A, RMSE_stress_per_atom=0.0 meV / A^3
2024-02-15 01:01:31.274 INFO: Epoch 326: loss=6.7957, RMSE_E_per_atom=7.2 meV, RMSE_F=267.2 meV / A, RMSE_stress_per_atom=0.0 meV / A^3
2024-02-15 01:01:41.713 INFO: Epoch 328: loss=6.7862, RMSE_E_per_atom=7.2 meV, RMSE_F=267.1 meV / A, RMSE_stress_per_atom=0.0 meV / A^3
2024-02-15 01:01:52.152 INFO: Epoch 330: loss=6.7800, RMSE_E_per_atom=7.2 meV, RMSE_F=267.0 meV / A, RMSE_stress_per_atom=0.0 meV / A^3
2024-02-15 01:02:02.592 INFO: Epoch 332: loss=6.7744, RMSE_E_per_atom=7.2 meV, RMSE_F=266.9 meV / A, RMSE_stress_per_atom=0.0 meV / A^3
2024-02-15 01:02:13.011 INFO: Epoch 334: loss=6.7649, RMSE_E_per_atom=7.2 meV, RMSE_F=266.8 meV / A, RMSE_stress_per_atom=0.0 meV / A^3
2024-02-15 01:02:23.440 INFO: Epoch 336: loss=6.7515, RMSE_E_per_atom=7.1 meV, RMSE_F=266.5 meV / A, RMSE_stress_per_atom=0.0 meV / A^3
2024-02-15 01:02:33.919 INFO: Epoch 338: loss=6.7430, RMSE_E_per_atom=7.0 meV, RMSE_F=266.4 meV / A, RMSE_stress_per_atom=0.0 meV / A^3
2024-02-15 01:02:44.331 INFO: Epoch 340: loss=6.7322, RMSE_E_per_atom=7.0 meV, RMSE_F=266.2 meV / A, RMSE_stress_per_atom=0.0 meV / A^3
2024-02-15 01:02:54.798 INFO: Epoch 342: loss=6.7179, RMSE_E_per_atom=6.9 meV, RMSE_F=266.0 meV / A, RMSE_stress_per_atom=0.0 meV / A^3
2024-02-15 01:03:05.245 INFO: Epoch 344: loss=6.7120, RMSE_E_per_atom=6.9 meV, RMSE_F=265.9 meV / A, RMSE_stress_per_atom=0.0 meV / A^3
2024-02-15 01:03:15.643 INFO: Epoch 346: loss=6.6993, RMSE_E_per_atom=6.8 meV, RMSE_F=265.7 meV / A, RMSE_stress_per_atom=0.0 meV / A^3
2024-02-15 01:03:26.089 INFO: Epoch 348: loss=6.6909, RMSE_E_per_atom=6.7 meV, RMSE_F=265.5 meV / A, RMSE_stress_per_atom=0.0 meV / A^3
2024-02-15 01:03:36.510 INFO: Epoch 350: loss=6.6860, RMSE_E_per_atom=6.6 meV, RMSE_F=265.5 meV / A, RMSE_stress_per_atom=0.0 meV / A^3
2024-02-15 01:03:46.943 INFO: Epoch 352: loss=6.6788, RMSE_E_per_atom=6.5 meV, RMSE_F=265.4 meV / A, RMSE_stress_per_atom=0.0 meV / A^3
2024-02-15 01:03:57.425 INFO: Epoch 354: loss=6.6734, RMSE_E_per_atom=6.4 meV, RMSE_F=265.4 meV / A, RMSE_stress_per_atom=0.0 meV / A^3
2024-02-15 01:04:07.847 INFO: Epoch 356: loss=6.6664, RMSE_E_per_atom=6.3 meV, RMSE_F=265.3 meV / A, RMSE_stress_per_atom=0.0 meV / A^3
2024-02-15 01:04:18.295 INFO: Epoch 358: loss=6.6628, RMSE_E_per_atom=6.3 meV, RMSE_F=265.3 meV / A, RMSE_stress_per_atom=0.0 meV / A^3
2024-02-15 01:04:28.732 INFO: Epoch 360: loss=6.6556, RMSE_E_per_atom=6.2 meV, RMSE_F=265.2 meV / A, RMSE_stress_per_atom=0.0 meV / A^3
2024-02-15 01:04:39.194 INFO: Epoch 362: loss=6.6528, RMSE_E_per_atom=6.1 meV, RMSE_F=265.2 meV / A, RMSE_stress_per_atom=0.0 meV / A^3
2024-02-15 01:04:49.628 INFO: Epoch 364: loss=6.6485, RMSE_E_per_atom=6.1 meV, RMSE_F=265.2 meV / A, RMSE_stress_per_atom=0.0 meV / A^3
2024-02-15 01:05:00.052 INFO: Epoch 366: loss=6.6410, RMSE_E_per_atom=6.1 meV, RMSE_F=265.0 meV / A, RMSE_stress_per_atom=0.0 meV / A^3
2024-02-15 01:05:10.513 INFO: Epoch 368: loss=6.6339, RMSE_E_per_atom=6.1 meV, RMSE_F=264.9 meV / A, RMSE_stress_per_atom=0.0 meV / A^3
2024-02-15 01:05:20.921 INFO: Epoch 370: loss=6.6282, RMSE_E_per_atom=6.0 meV, RMSE_F=264.8 meV / A, RMSE_stress_per_atom=0.0 meV / A^3
2024-02-15 01:05:31.383 INFO: Epoch 372: loss=6.6259, RMSE_E_per_atom=6.0 meV, RMSE_F=264.8 meV / A, RMSE_stress_per_atom=0.0 meV / A^3
2024-02-15 01:05:41.805 INFO: Epoch 374: loss=6.6206, RMSE_E_per_atom=6.0 meV, RMSE_F=264.7 meV / A, RMSE_stress_per_atom=0.0 meV / A^3
2024-02-15 01:05:52.283 INFO: Epoch 376: loss=6.6143, RMSE_E_per_atom=6.0 meV, RMSE_F=264.6 meV / A, RMSE_stress_per_atom=0.0 meV / A^3
2024-02-15 01:06:02.742 INFO: Epoch 378: loss=6.6152, RMSE_E_per_atom=6.0 meV, RMSE_F=264.6 meV / A, RMSE_stress_per_atom=0.0 meV / A^3
2024-02-15 01:06:13.217 INFO: Epoch 380: loss=6.6080, RMSE_E_per_atom=6.0 meV, RMSE_F=264.5 meV / A, RMSE_stress_per_atom=0.0 meV / A^3
2024-02-15 01:06:23.665 INFO: Epoch 382: loss=6.6031, RMSE_E_per_atom=6.0 meV, RMSE_F=264.4 meV / A, RMSE_stress_per_atom=0.0 meV / A^3
2024-02-15 01:06:34.137 INFO: Epoch 384: loss=6.6020, RMSE_E_per_atom=6.0 meV, RMSE_F=264.4 meV / A, RMSE_stress_per_atom=0.0 meV / A^3
2024-02-15 01:06:44.604 INFO: Epoch 386: loss=6.5970, RMSE_E_per_atom=5.9 meV, RMSE_F=264.4 meV / A, RMSE_stress_per_atom=0.0 meV / A^3
2024-02-15 01:06:55.040 INFO: Epoch 388: loss=6.5933, RMSE_E_per_atom=5.9 meV, RMSE_F=264.3 meV / A, RMSE_stress_per_atom=0.0 meV / A^3
2024-02-15 01:07:05.492 INFO: Epoch 390: loss=6.5897, RMSE_E_per_atom=5.9 meV, RMSE_F=264.3 meV / A, RMSE_stress_per_atom=0.0 meV / A^3
2024-02-15 01:07:15.873 INFO: Epoch 392: loss=6.5875, RMSE_E_per_atom=5.8 meV, RMSE_F=264.3 meV / A, RMSE_stress_per_atom=0.0 meV / A^3
2024-02-15 01:07:26.321 INFO: Epoch 394: loss=6.5831, RMSE_E_per_atom=5.8 meV, RMSE_F=264.2 meV / A, RMSE_stress_per_atom=0.0 meV / A^3
2024-02-15 01:07:36.786 INFO: Epoch 396: loss=6.5761, RMSE_E_per_atom=5.7 meV, RMSE_F=264.1 meV / A, RMSE_stress_per_atom=0.0 meV / A^3
2024-02-15 01:07:47.161 INFO: Epoch 398: loss=6.5716, RMSE_E_per_atom=5.7 meV, RMSE_F=264.0 meV / A, RMSE_stress_per_atom=0.0 meV / A^3
2024-02-15 01:07:57.598 INFO: Epoch 400: loss=6.5696, RMSE_E_per_atom=5.7 meV, RMSE_F=264.0 meV / A, RMSE_stress_per_atom=0.0 meV / A^3
2024-02-15 01:08:08.021 INFO: Epoch 402: loss=6.5636, RMSE_E_per_atom=5.7 meV, RMSE_F=263.9 meV / A, RMSE_stress_per_atom=0.0 meV / A^3
2024-02-15 01:08:18.487 INFO: Epoch 404: loss=6.5625, RMSE_E_per_atom=5.6 meV, RMSE_F=263.9 meV / A, RMSE_stress_per_atom=0.0 meV / A^3
2024-02-15 01:08:28.950 INFO: Epoch 406: loss=6.5612, RMSE_E_per_atom=5.7 meV, RMSE_F=263.9 meV / A, RMSE_stress_per_atom=0.0 meV / A^3
2024-02-15 01:08:39.352 INFO: Epoch 408: loss=6.5574, RMSE_E_per_atom=5.7 meV, RMSE_F=263.8 meV / A, RMSE_stress_per_atom=0.0 meV / A^3
2024-02-15 01:08:49.797 INFO: Epoch 410: loss=6.5555, RMSE_E_per_atom=5.6 meV, RMSE_F=263.8 meV / A, RMSE_stress_per_atom=0.0 meV / A^3
2024-02-15 01:09:00.241 INFO: Epoch 412: loss=6.5523, RMSE_E_per_atom=5.6 meV, RMSE_F=263.7 meV / A, RMSE_stress_per_atom=0.0 meV / A^3
2024-02-15 01:09:10.690 INFO: Epoch 414: loss=6.5532, RMSE_E_per_atom=5.6 meV, RMSE_F=263.8 meV / A, RMSE_stress_per_atom=0.0 meV / A^3
2024-02-15 01:09:21.170 INFO: Epoch 416: loss=6.5529, RMSE_E_per_atom=5.4 meV, RMSE_F=263.8 meV / A, RMSE_stress_per_atom=0.0 meV / A^3
2024-02-15 01:09:31.564 INFO: Epoch 418: loss=6.5539, RMSE_E_per_atom=5.4 meV, RMSE_F=263.8 meV / A, RMSE_stress_per_atom=0.0 meV / A^3
2024-02-15 01:09:42.036 INFO: Epoch 420: loss=6.5533, RMSE_E_per_atom=5.5 meV, RMSE_F=263.8 meV / A, RMSE_stress_per_atom=0.0 meV / A^3
2024-02-15 01:09:52.489 INFO: Epoch 422: loss=6.5532, RMSE_E_per_atom=5.5 meV, RMSE_F=263.8 meV / A, RMSE_stress_per_atom=0.0 meV / A^3
2024-02-15 01:10:02.916 INFO: Epoch 424: loss=6.5541, RMSE_E_per_atom=5.5 meV, RMSE_F=263.9 meV / A, RMSE_stress_per_atom=0.0 meV / A^3
2024-02-15 01:10:13.370 INFO: Epoch 426: loss=6.5530, RMSE_E_per_atom=5.5 meV, RMSE_F=263.9 meV / A, RMSE_stress_per_atom=0.0 meV / A^3
2024-02-15 01:10:23.794 INFO: Epoch 428: loss=6.5518, RMSE_E_per_atom=5.4 meV, RMSE_F=263.9 meV / A, RMSE_stress_per_atom=0.0 meV / A^3
2024-02-15 01:10:34.234 INFO: Epoch 430: loss=6.5496, RMSE_E_per_atom=5.3 meV, RMSE_F=263.9 meV / A, RMSE_stress_per_atom=0.0 meV / A^3
2024-02-15 01:10:44.664 INFO: Epoch 432: loss=6.5530, RMSE_E_per_atom=5.3 meV, RMSE_F=264.0 meV / A, RMSE_stress_per_atom=0.0 meV / A^3
2024-02-15 01:10:55.104 INFO: Epoch 434: loss=6.5519, RMSE_E_per_atom=5.3 meV, RMSE_F=264.0 meV / A, RMSE_stress_per_atom=0.0 meV / A^3
2024-02-15 01:11:05.525 INFO: Epoch 436: loss=6.5531, RMSE_E_per_atom=5.3 meV, RMSE_F=264.0 meV / A, RMSE_stress_per_atom=0.0 meV / A^3
2024-02-15 01:11:15.978 INFO: Epoch 438: loss=6.5521, RMSE_E_per_atom=5.3 meV, RMSE_F=264.0 meV / A, RMSE_stress_per_atom=0.0 meV / A^3
2024-02-15 01:11:26.361 INFO: Epoch 440: loss=6.5531, RMSE_E_per_atom=5.3 meV, RMSE_F=264.1 meV / A, RMSE_stress_per_atom=0.0 meV / A^3
2024-02-15 01:11:36.835 INFO: Epoch 442: loss=6.5508, RMSE_E_per_atom=5.2 meV, RMSE_F=264.0 meV / A, RMSE_stress_per_atom=0.0 meV / A^3
2024-02-15 01:11:47.301 INFO: Epoch 444: loss=6.5516, RMSE_E_per_atom=5.2 meV, RMSE_F=264.1 meV / A, RMSE_stress_per_atom=0.0 meV / A^3
2024-02-15 01:11:57.783 INFO: Epoch 446: loss=6.5496, RMSE_E_per_atom=5.2 meV, RMSE_F=264.1 meV / A, RMSE_stress_per_atom=0.0 meV / A^3
2024-02-15 01:12:08.238 INFO: Epoch 448: loss=6.5511, RMSE_E_per_atom=5.2 meV, RMSE_F=264.1 meV / A, RMSE_stress_per_atom=0.0 meV / A^3
2024-02-15 01:12:18.665 INFO: Epoch 450: loss=6.5487, RMSE_E_per_atom=5.1 meV, RMSE_F=264.1 meV / A, RMSE_stress_per_atom=0.0 meV / A^3
2024-02-15 01:12:29.082 INFO: Epoch 452: loss=6.5508, RMSE_E_per_atom=5.2 meV, RMSE_F=264.1 meV / A, RMSE_stress_per_atom=0.0 meV / A^3
2024-02-15 01:12:39.517 INFO: Epoch 454: loss=6.5515, RMSE_E_per_atom=5.2 meV, RMSE_F=264.2 meV / A, RMSE_stress_per_atom=0.0 meV / A^3
2024-02-15 01:12:49.956 INFO: Epoch 456: loss=6.5509, RMSE_E_per_atom=5.2 meV, RMSE_F=264.2 meV / A, RMSE_stress_per_atom=0.0 meV / A^3
2024-02-15 01:13:00.364 INFO: Epoch 458: loss=6.5443, RMSE_E_per_atom=5.2 meV, RMSE_F=264.1 meV / A, RMSE_stress_per_atom=0.0 meV / A^3
2024-02-15 01:13:10.832 INFO: Epoch 460: loss=6.5443, RMSE_E_per_atom=5.2 meV, RMSE_F=264.1 meV / A, RMSE_stress_per_atom=0.0 meV / A^3
2024-02-15 01:13:21.273 INFO: Epoch 462: loss=6.5457, RMSE_E_per_atom=5.1 meV, RMSE_F=264.2 meV / A, RMSE_stress_per_atom=0.0 meV / A^3
2024-02-15 01:13:31.712 INFO: Epoch 464: loss=6.5459, RMSE_E_per_atom=5.2 meV, RMSE_F=264.2 meV / A, RMSE_stress_per_atom=0.0 meV / A^3
2024-02-15 01:13:42.110 INFO: Epoch 466: loss=6.5464, RMSE_E_per_atom=5.2 meV, RMSE_F=264.2 meV / A, RMSE_stress_per_atom=0.0 meV / A^3
2024-02-15 01:13:52.521 INFO: Epoch 468: loss=6.5469, RMSE_E_per_atom=5.1 meV, RMSE_F=264.2 meV / A, RMSE_stress_per_atom=0.0 meV / A^3
2024-02-15 01:14:02.924 INFO: Epoch 470: loss=6.5486, RMSE_E_per_atom=5.1 meV, RMSE_F=264.3 meV / A, RMSE_stress_per_atom=0.0 meV / A^3
2024-02-15 01:14:13.341 INFO: Epoch 472: loss=6.5450, RMSE_E_per_atom=5.2 meV, RMSE_F=264.2 meV / A, RMSE_stress_per_atom=0.0 meV / A^3
2024-02-15 01:14:23.766 INFO: Epoch 474: loss=6.5453, RMSE_E_per_atom=5.1 meV, RMSE_F=264.3 meV / A, RMSE_stress_per_atom=0.0 meV / A^3
2024-02-15 01:14:34.181 INFO: Epoch 476: loss=6.5409, RMSE_E_per_atom=5.0 meV, RMSE_F=264.2 meV / A, RMSE_stress_per_atom=0.0 meV / A^3
2024-02-15 01:14:44.620 INFO: Epoch 478: loss=6.5356, RMSE_E_per_atom=5.0 meV, RMSE_F=264.1 meV / A, RMSE_stress_per_atom=0.0 meV / A^3
2024-02-15 01:14:55.114 INFO: Epoch 480: loss=6.5356, RMSE_E_per_atom=5.0 meV, RMSE_F=264.1 meV / A, RMSE_stress_per_atom=0.0 meV / A^3
2024-02-15 01:15:05.596 INFO: Epoch 482: loss=6.5390, RMSE_E_per_atom=5.1 meV, RMSE_F=264.2 meV / A, RMSE_stress_per_atom=0.0 meV / A^3
2024-02-15 01:15:15.971 INFO: Epoch 484: loss=6.5379, RMSE_E_per_atom=5.1 meV, RMSE_F=264.2 meV / A, RMSE_stress_per_atom=0.0 meV / A^3
2024-02-15 01:15:26.408 INFO: Epoch 486: loss=6.5395, RMSE_E_per_atom=5.1 meV, RMSE_F=264.3 meV / A, RMSE_stress_per_atom=0.0 meV / A^3
2024-02-15 01:15:36.876 INFO: Epoch 488: loss=6.5411, RMSE_E_per_atom=5.0 meV, RMSE_F=264.4 meV / A, RMSE_stress_per_atom=0.0 meV / A^3
2024-02-15 01:15:47.316 INFO: Epoch 490: loss=6.5428, RMSE_E_per_atom=5.0 meV, RMSE_F=264.4 meV / A, RMSE_stress_per_atom=0.0 meV / A^3
2024-02-15 01:15:57.688 INFO: Epoch 492: loss=6.5451, RMSE_E_per_atom=5.0 meV, RMSE_F=264.5 meV / A, RMSE_stress_per_atom=0.0 meV / A^3
2024-02-15 01:16:08.133 INFO: Epoch 494: loss=6.5463, RMSE_E_per_atom=5.0 meV, RMSE_F=264.5 meV / A, RMSE_stress_per_atom=0.0 meV / A^3
2024-02-15 01:16:18.608 INFO: Epoch 496: loss=6.5457, RMSE_E_per_atom=5.0 meV, RMSE_F=264.6 meV / A, RMSE_stress_per_atom=0.0 meV / A^3
2024-02-15 01:16:29.001 INFO: Epoch 498: loss=6.5453, RMSE_E_per_atom=4.9 meV, RMSE_F=264.6 meV / A, RMSE_stress_per_atom=0.0 meV / A^3
2024-02-15 01:16:34.177 INFO: Training complete
2024-02-15 01:16:34.178 INFO: Computing metrics for training, validation, and test sets
2024-02-15 01:16:34.178 INFO: Loading checkpoint: checkpoints/MACE_run-123_epoch-248.pt
2024-02-15 01:16:34.189 INFO: Loaded model from epoch 248
2024-02-15 01:16:34.617 INFO: Evaluating train ...
2024-02-15 01:16:36.576 INFO: Evaluating valid ...
2024-02-15 01:16:36.684 INFO: Evaluating 0.50-0.75 ...
2024-02-15 01:16:36.715 INFO: Evaluating 0.50-0.50-0.10 ...
2024-02-15 01:16:36.744 INFO: Evaluating 0.30-0.50-0.20 ...
2024-02-15 01:16:36.770 INFO: Evaluating 0.30-0.50 ...
2024-02-15 01:16:36.800 INFO: Evaluating 0.50-0.00 ...
2024-02-15 01:16:36.836 INFO: Evaluating 0.20-0.25 ...
2024-02-15 01:16:36.867 INFO: Evaluating 0.30-0.25 ...
2024-02-15 01:16:36.898 INFO: Evaluating 0.30-0.50-0.10 ...
2024-02-15 01:16:36.920 INFO: Evaluating 0.20-0.75 ...
2024-02-15 01:16:36.941 INFO: Evaluating 0.30-0.75 ...
2024-02-15 01:16:36.978 INFO: Evaluating 0.40-0.75 ...
2024-02-15 01:16:37.010 INFO: Evaluating 0.30-0.50-0.40 ...
2024-02-15 01:16:37.028 INFO: Evaluating 0.50-1.00 ...
2024-02-15 01:16:37.051 INFO: Evaluating 0.30-1.00 ...
2024-02-15 01:16:37.092 INFO: Evaluating 0.50-0.50 ...
2024-02-15 01:16:37.114 INFO: Evaluating 0.20-0.00 ...
2024-02-15 01:16:37.142 INFO: Evaluating 0.10-0.50-0.10 ...
2024-02-15 01:16:37.165 INFO: Evaluating 0.40-0.50-0.50 ...
2024-02-15 01:16:37.194 INFO: Evaluating 0.10-1.00 ...
2024-02-15 01:16:37.233 INFO: Evaluating 0.40-0.25 ...
2024-02-15 01:16:37.280 INFO: Evaluating 0.20-0.50 ...
2024-02-15 01:16:37.308 INFO: Evaluating 0.10-0.50-0.50 ...
2024-02-15 01:16:37.328 INFO: Evaluating 0.40-0.50-0.10 ...
2024-02-15 01:16:37.347 INFO: Evaluating 0.20-0.50-0.50 ...
2024-02-15 01:16:37.367 INFO: Evaluating 0.10-0.50-0.30 ...
2024-02-15 01:16:37.385 INFO: Evaluating 0.40-0.00 ...
2024-02-15 01:16:37.408 INFO: Evaluating 0.50-0.50-0.20 ...
2024-02-15 01:16:37.432 INFO: Evaluating 0.40-1.00 ...
2024-02-15 01:16:37.455 INFO: Evaluating 0.10-0.75 ...
2024-02-15 01:16:37.476 INFO: Evaluating 0.50-0.50-0.50 ...
2024-02-15 01:16:37.499 INFO: Evaluating 0.20-1.00 ...
2024-02-15 01:16:37.524 INFO: Evaluating 0.50-0.25 ...
2024-02-15 01:16:37.542 INFO: Evaluating 0.10-0.50-0.40 ...
2024-02-15 01:16:37.565 INFO: Evaluating 0.10-0.00 ...
2024-02-15 01:16:37.586 INFO: Evaluating 0.10-0.25 ...
2024-02-15 01:16:37.609 INFO: Evaluating 0.50-0.50-0.30 ...
2024-02-15 01:16:37.631 INFO: Evaluating 0.10-0.50-0.20 ...
2024-02-15 01:16:37.648 INFO: Evaluating 0.40-0.50-0.30 ...
2024-02-15 01:16:37.668 INFO: 
+----------------+---------------------+------------------+-------------------+---------------------------------------+
|  config_type   | RMSE E / meV / atom | RMSE F / meV / A | relative F RMSE % | RMSE Stress (Virials) / meV / A (A^3) |
+----------------+---------------------+------------------+-------------------+---------------------------------------+
|     train      |         6.2         |      249.5       |       13.78       |                  8.6                  |
|     valid      |         6.7         |      284.6       |       14.25       |                  8.0                  |
|   0.50-0.75    |         10.0        |      264.9       |       14.02       |                  3.5                  |
| 0.50-0.50-0.10 |         7.2         |      359.4       |       17.65       |                  1.1                  |
| 0.30-0.50-0.20 |         3.6         |      276.8       |       13.74       |                  0.8                  |
|   0.30-0.50    |         8.6         |      247.1       |       13.63       |                  3.5                  |
|   0.50-0.00    |         8.3         |      279.3       |       16.57       |                  17.7                 |
|   0.20-0.25    |         10.0        |      225.3       |       16.47       |                  5.8                  |
|   0.30-0.25    |         5.5         |      248.2       |       14.88       |                  5.7                  |
| 0.30-0.50-0.10 |         15.7        |      383.1       |       18.67       |                  0.9                  |
|   0.20-0.75    |         3.6         |      215.7       |       11.94       |                  1.0                  |
|   0.30-0.75    |         4.1         |      234.7       |       12.80       |                  8.7                  |
|   0.40-0.75    |         8.0         |      200.0       |       17.43       |                  10.4                 |
| 0.30-0.50-0.40 |         1.2         |      330.5       |       16.85       |                  1.3                  |
|   0.50-1.00    |         4.2         |      300.6       |       16.41       |                  2.6                  |
|   0.30-1.00    |         3.0         |      227.1       |       11.69       |                  6.1                  |
|   0.50-0.50    |         9.2         |      333.4       |       16.13       |                  2.6                  |
|   0.20-0.00    |         4.6         |      220.4       |       17.28       |                  8.8                  |
| 0.10-0.50-0.10 |         5.8         |      202.0       |        9.29       |                  0.9                  |
| 0.40-0.50-0.50 |         9.1         |      276.1       |       12.79       |                  0.5                  |
|   0.10-1.00    |         2.4         |      165.6       |       13.78       |                  3.6                  |
|   0.40-0.25    |         7.2         |      303.5       |       18.38       |                  15.7                 |
|   0.20-0.50    |         5.7         |      210.8       |       15.96       |                  3.8                  |
| 0.10-0.50-0.50 |         2.0         |      387.3       |       18.25       |                  1.0                  |
| 0.40-0.50-0.10 |         9.5         |      516.7       |       33.83       |                  1.2                  |
| 0.20-0.50-0.50 |         10.3        |      342.8       |       15.96       |                  1.6                  |
| 0.10-0.50-0.30 |         3.4         |      219.0       |       10.57       |                  1.1                  |
|   0.40-0.00    |         1.1         |      356.0       |       17.18       |                  3.8                  |
| 0.50-0.50-0.20 |         12.1        |      376.8       |       19.72       |                  1.4                  |
|   0.40-1.00    |         8.8         |      191.4       |       23.79       |                  3.7                  |
|   0.10-0.75    |         0.6         |      188.8       |        7.59       |                  2.3                  |
| 0.50-0.50-0.50 |         5.7         |      537.0       |       22.41       |                  0.7                  |
|   0.20-1.00    |         2.9         |      207.5       |       11.83       |                  2.0                  |
|   0.50-0.25    |         6.3         |      320.0       |       21.42       |                  20.9                 |
| 0.10-0.50-0.40 |         8.3         |      220.3       |       10.25       |                  1.2                  |
|   0.10-0.00    |         8.5         |      196.4       |        8.77       |                  1.9                  |
|   0.10-0.25    |         3.4         |      166.2       |        7.22       |                  1.5                  |
| 0.50-0.50-0.30 |         8.5         |      319.1       |       15.26       |                  1.6                  |
| 0.10-0.50-0.20 |         3.8         |      208.1       |        9.69       |                  1.0                  |
| 0.40-0.50-0.30 |         6.8         |      492.6       |       21.63       |                  1.0                  |
+----------------+---------------------+------------------+-------------------+---------------------------------------+
2024-02-15 01:16:37.668 INFO: Saving model to checkpoints/MACE_run-123.model
2024-02-15 01:16:37.704 INFO: Loading checkpoint: checkpoints/MACE_run-123_epoch-478_swa.pt
2024-02-15 01:16:37.715 INFO: Loaded model from epoch 478
2024-02-15 01:16:38.128 INFO: Evaluating train ...
2024-02-15 01:16:40.029 INFO: Evaluating valid ...
2024-02-15 01:16:40.137 INFO: Evaluating 0.50-0.75 ...
2024-02-15 01:16:40.164 INFO: Evaluating 0.50-0.50-0.10 ...
2024-02-15 01:16:40.190 INFO: Evaluating 0.30-0.50-0.20 ...
2024-02-15 01:16:40.215 INFO: Evaluating 0.30-0.50 ...
2024-02-15 01:16:40.244 INFO: Evaluating 0.50-0.00 ...
2024-02-15 01:16:40.278 INFO: Evaluating 0.20-0.25 ...
2024-02-15 01:16:40.308 INFO: Evaluating 0.30-0.25 ...
2024-02-15 01:16:40.338 INFO: Evaluating 0.30-0.50-0.10 ...
2024-02-15 01:16:40.356 INFO: Evaluating 0.20-0.75 ...
2024-02-15 01:16:40.373 INFO: Evaluating 0.30-0.75 ...
2024-02-15 01:16:40.409 INFO: Evaluating 0.40-0.75 ...
2024-02-15 01:16:40.439 INFO: Evaluating 0.30-0.50-0.40 ...
2024-02-15 01:16:40.451 INFO: Evaluating 0.50-1.00 ...
2024-02-15 01:16:40.470 INFO: Evaluating 0.30-1.00 ...
2024-02-15 01:16:40.510 INFO: Evaluating 0.50-0.50 ...
2024-02-15 01:16:40.527 INFO: Evaluating 0.20-0.00 ...
2024-02-15 01:16:40.553 INFO: Evaluating 0.10-0.50-0.10 ...
2024-02-15 01:16:40.568 INFO: Evaluating 0.40-0.50-0.50 ...
2024-02-15 01:16:40.584 INFO: Evaluating 0.10-1.00 ...
2024-02-15 01:16:40.614 INFO: Evaluating 0.40-0.25 ...
2024-02-15 01:16:40.656 INFO: Evaluating 0.20-0.50 ...
2024-02-15 01:16:40.679 INFO: Evaluating 0.10-0.50-0.50 ...
2024-02-15 01:16:40.694 INFO: Evaluating 0.40-0.50-0.10 ...
2024-02-15 01:16:40.711 INFO: Evaluating 0.20-0.50-0.50 ...
2024-02-15 01:16:40.729 INFO: Evaluating 0.10-0.50-0.30 ...
2024-02-15 01:16:40.746 INFO: Evaluating 0.40-0.00 ...
2024-02-15 01:16:40.766 INFO: Evaluating 0.50-0.50-0.20 ...
2024-02-15 01:16:40.789 INFO: Evaluating 0.40-1.00 ...
2024-02-15 01:16:40.809 INFO: Evaluating 0.10-0.75 ...
2024-02-15 01:16:40.827 INFO: Evaluating 0.50-0.50-0.50 ...
2024-02-15 01:16:40.845 INFO: Evaluating 0.20-1.00 ...
2024-02-15 01:16:40.866 INFO: Evaluating 0.50-0.25 ...
2024-02-15 01:16:40.886 INFO: Evaluating 0.10-0.50-0.40 ...
2024-02-15 01:16:40.904 INFO: Evaluating 0.10-0.00 ...
2024-02-15 01:16:40.921 INFO: Evaluating 0.10-0.25 ...
2024-02-15 01:16:40.939 INFO: Evaluating 0.50-0.50-0.30 ...
2024-02-15 01:16:40.957 INFO: Evaluating 0.10-0.50-0.20 ...
2024-02-15 01:16:40.975 INFO: Evaluating 0.40-0.50-0.30 ...
2024-02-15 01:16:40.992 INFO: 
+----------------+---------------------+------------------+-------------------+---------------------------------------+
|  config_type   | RMSE E / meV / atom | RMSE F / meV / A | relative F RMSE % | RMSE Stress (Virials) / meV / A (A^3) |
+----------------+---------------------+------------------+-------------------+---------------------------------------+
|     train      |         4.8         |      205.0       |       11.32       |                  8.6                  |
|     valid      |         5.0         |      264.1       |       13.23       |                  8.0                  |
|   0.50-0.75    |         7.9         |      249.3       |       13.20       |                  3.4                  |
| 0.50-0.50-0.10 |         5.9         |      321.2       |       15.77       |                  1.1                  |
| 0.30-0.50-0.20 |         2.6         |      248.0       |       12.31       |                  0.8                  |
|   0.30-0.50    |         6.4         |      226.7       |       12.50       |                  3.5                  |
|   0.50-0.00    |         4.5         |      248.4       |       14.74       |                  17.5                 |
|   0.20-0.25    |         7.6         |      198.5       |       14.51       |                  5.9                  |
|   0.30-0.25    |         4.9         |      225.7       |       13.53       |                  5.7                  |
| 0.30-0.50-0.10 |         10.3        |      348.9       |       17.01       |                  0.9                  |
|   0.20-0.75    |         4.3         |      194.3       |       10.76       |                  1.0                  |
|   0.30-0.75    |         3.2         |      210.2       |       11.46       |                  8.7                  |
|   0.40-0.75    |         5.2         |      175.5       |       15.30       |                  10.5                 |
| 0.30-0.50-0.40 |         5.8         |      305.0       |       15.55       |                  1.3                  |
|   0.50-1.00    |         2.8         |      257.4       |       14.05       |                  2.4                  |
|   0.30-1.00    |         1.6         |      214.6       |       11.05       |                  6.1                  |
|   0.50-0.50    |         6.6         |      304.9       |       14.76       |                  2.5                  |
|   0.20-0.00    |         3.6         |      195.5       |       15.33       |                  8.8                  |
| 0.10-0.50-0.10 |         5.5         |      181.7       |        8.36       |                  0.9                  |
| 0.40-0.50-0.50 |         4.5         |      258.7       |       11.98       |                  0.5                  |
|   0.10-1.00    |         2.1         |      149.9       |       12.47       |                  3.5                  |
|   0.40-0.25    |         5.9         |      269.4       |       16.32       |                  15.7                 |
|   0.20-0.50    |         4.7         |      185.4       |       14.04       |                  3.8                  |
| 0.10-0.50-0.50 |         3.9         |      300.5       |       14.16       |                  1.0                  |
| 0.40-0.50-0.10 |         9.0         |      541.5       |       35.45       |                  1.2                  |
| 0.20-0.50-0.50 |         8.9         |      343.2       |       15.98       |                  1.7                  |
| 0.10-0.50-0.30 |         1.7         |      188.6       |        9.10       |                  1.1                  |
|   0.40-0.00    |         1.3         |      307.1       |       14.82       |                  3.8                  |
| 0.50-0.50-0.20 |         11.2        |      346.5       |       18.13       |                  1.4                  |
|   0.40-1.00    |         5.6         |      168.7       |       20.97       |                  3.9                  |
|   0.10-0.75    |         0.3         |      170.1       |        6.83       |                  2.2                  |
| 0.50-0.50-0.50 |         1.2         |      553.0       |       23.08       |                  0.7                  |
|   0.20-1.00    |         0.9         |      182.4       |       10.39       |                  2.1                  |
|   0.50-0.25    |         6.0         |      285.4       |       19.11       |                  20.5                 |
| 0.10-0.50-0.40 |         7.0         |      209.2       |        9.73       |                  1.3                  |
|   0.10-0.00    |         6.8         |      171.7       |        7.66       |                  2.0                  |
|   0.10-0.25    |         2.2         |      153.8       |        6.68       |                  1.5                  |
| 0.50-0.50-0.30 |         5.6         |      294.8       |       14.10       |                  1.6                  |
| 0.10-0.50-0.20 |         2.6         |      180.0       |        8.38       |                  1.1                  |
| 0.40-0.50-0.30 |         5.3         |      525.5       |       23.07       |                  0.9                  |
+----------------+---------------------+------------------+-------------------+---------------------------------------+
2024-02-15 01:16:40.992 INFO: Saving model to checkpoints/MACE_run-123_swa.model
2024-02-15 01:16:41.028 INFO: Done
